14.5.2023. 18:46:40 : Starting Network Model Serivice...
14.5.2023. 18:46:40 : Inserting entity with GID (0000000100000001).
14.5.2023. 18:46:40 : Inserting entity with GID (0000000100000002).
14.5.2023. 18:46:40 : Inserting entity with GID (0000000100000003).
14.5.2023. 18:46:40 : Inserting entity with GID (0000000200000001).
14.5.2023. 18:46:40 : Inserting entity with GID (0000000200000002).
14.5.2023. 18:46:40 : Inserting entity with GID (0000000300000001).
14.5.2023. 18:46:40 : Inserting entity with GID (0000000300000002).
14.5.2023. 18:46:40 : Inserting entity with GID (0000000300000003).
14.5.2023. 18:46:40 : Inserting entity with GID (0000000400000001).
14.5.2023. 18:46:40 : Inserting entity with GID (0000000400000002).
14.5.2023. 18:46:40 : Inserting entity with GID (0000000400000003).
14.5.2023. 18:46:40 : Inserting entity with GID (0000000500000001).
14.5.2023. 18:46:40 : Inserting entity with GID (0000000500000002).
14.5.2023. 18:46:40 : Inserting entity with GID (0000000600000001).
14.5.2023. 18:46:40 : Inserting entity with GID (0000000600000002).
14.5.2023. 18:46:40 : Inserting entity with GID (0000000600000003).
14.5.2023. 18:46:41 : The WCF service GenericDataAccess is ready.
14.5.2023. 18:46:41 : Endpoints:
14.5.2023. 18:46:41 : net.tcp://localhost:10000/NetworkModelService/GDA/
14.5.2023. 18:46:41 : Connection string: ../NetworkModelData.data
14.5.2023. 18:46:41 : Trace level: Info
14.5.2023. 18:46:41 : The Network Model Service is started.
14.5.2023. 18:46:41 : Press <Enter> to stop the service.
14.5.2023. 19:32:59 : Starting Network Model Serivice...
14.5.2023. 19:32:59 : Inserting entity with GID (0000000100000001).
14.5.2023. 19:32:59 : Unknown property id = 1517713074423922945 for entity (GID = 0x0000000100000001).
14.5.2023. 19:32:59 : Failed to insert entity (GID = 0x0000000100000001) into model. Unknown property id = 1517713074423922945 for entity (GID = 0x0000000100000001).
14.5.2023. 19:32:59 : Error while applying delta (id = 1) during service initialization. Failed to insert entity (GID = 0x0000000100000001) into model. Unknown property id = 1517713074423922945 for entity (GID = 0x0000000100000001).
14.5.2023. 19:33:00 : The WCF service GenericDataAccess is ready.
14.5.2023. 19:33:00 : Endpoints:
14.5.2023. 19:33:00 : net.tcp://localhost:10000/NetworkModelService/GDA/
14.5.2023. 19:33:00 : Connection string: ../NetworkModelData.data
14.5.2023. 19:33:00 : Trace level: Info
14.5.2023. 19:33:00 : The Network Model Service is started.
14.5.2023. 19:33:00 : Press <Enter> to stop the service.
14.5.2023. 19:34:26 : Applying  delta to network model.
14.5.2023. 19:34:26 : Inserting entity with GID (0000000100000002).
14.5.2023. 19:34:26 : Inserting entity with GID (0000000100000003).
14.5.2023. 19:34:26 : Inserting entity with GID (0000000100000004).
14.5.2023. 19:34:26 : Inserting entity with GID (0000000200000001).
14.5.2023. 19:34:26 : Inserting entity with GID (0000000200000002).
14.5.2023. 19:34:26 : Inserting entity with GID (0000000200000003).
14.5.2023. 19:34:26 : Inserting entity with GID (0000000300000001).
14.5.2023. 19:34:26 : Inserting entity with GID (0000000300000002).
14.5.2023. 19:34:26 : Inserting entity with GID (0000000300000003).
14.5.2023. 19:34:26 : Inserting entity with GID (0000000400000001).
14.5.2023. 19:34:26 : Inserting entity with GID (0000000400000002).
14.5.2023. 19:34:26 : Inserting entity with GID (0000000400000003).
14.5.2023. 19:34:26 : Inserting entity with GID (0000000500000001).
14.5.2023. 19:34:26 : Inserting entity with GID (0000000500000002).
14.5.2023. 19:34:26 : Inserting entity with GID (0000000500000003).
14.5.2023. 19:34:26 : Inserting entity with GID (0000000600000001).
14.5.2023. 19:34:26 : Applying delta to network model successfully finished.
14.5.2023. 19:36:49 : Starting Network Model Serivice...
14.5.2023. 19:36:49 : Inserting entity with GID (0000000100000001).
14.5.2023. 19:36:49 : Unknown property id = 1517713074423922945 for entity (GID = 0x0000000100000001).
14.5.2023. 19:36:49 : Failed to insert entity (GID = 0x0000000100000001) into model. Unknown property id = 1517713074423922945 for entity (GID = 0x0000000100000001).
14.5.2023. 19:36:49 : Error while applying delta (id = 1) during service initialization. Failed to insert entity (GID = 0x0000000100000001) into model. Unknown property id = 1517713074423922945 for entity (GID = 0x0000000100000001).
14.5.2023. 19:36:49 : Inserting entity with GID (0000000100000002).
14.5.2023. 19:36:49 : Inserting entity with GID (0000000100000003).
14.5.2023. 19:36:49 : Inserting entity with GID (0000000100000004).
14.5.2023. 19:36:49 : Inserting entity with GID (0000000200000001).
14.5.2023. 19:36:49 : Inserting entity with GID (0000000200000002).
14.5.2023. 19:36:49 : Inserting entity with GID (0000000200000003).
14.5.2023. 19:36:49 : Inserting entity with GID (0000000300000001).
14.5.2023. 19:36:49 : Inserting entity with GID (0000000300000002).
14.5.2023. 19:36:49 : Inserting entity with GID (0000000300000003).
14.5.2023. 19:36:49 : Inserting entity with GID (0000000400000001).
14.5.2023. 19:36:49 : Inserting entity with GID (0000000400000002).
14.5.2023. 19:36:49 : Inserting entity with GID (0000000400000003).
14.5.2023. 19:36:49 : Inserting entity with GID (0000000500000001).
14.5.2023. 19:36:49 : Inserting entity with GID (0000000500000002).
14.5.2023. 19:36:49 : Inserting entity with GID (0000000500000003).
14.5.2023. 19:36:49 : Inserting entity with GID (0000000600000001).
14.5.2023. 19:36:50 : The WCF service GenericDataAccess is ready.
14.5.2023. 19:36:50 : Endpoints:
14.5.2023. 19:36:50 : net.tcp://localhost:10000/NetworkModelService/GDA/
14.5.2023. 19:36:50 : Connection string: ../NetworkModelData.data
14.5.2023. 19:36:50 : Trace level: Info
14.5.2023. 19:36:50 : The Network Model Service is started.
14.5.2023. 19:36:50 : Press <Enter> to stop the service.
14.5.2023. 19:46:21 : Starting Network Model Serivice...
14.5.2023. 19:46:21 : Inserting entity with GID (0000000100000001).
14.5.2023. 19:46:21 : Unknown property id = 1517713074423922945 for entity (GID = 0x0000000100000001).
14.5.2023. 19:46:21 : Failed to insert entity (GID = 0x0000000100000001) into model. Unknown property id = 1517713074423922945 for entity (GID = 0x0000000100000001).
14.5.2023. 19:46:21 : Error while applying delta (id = 1) during service initialization. Failed to insert entity (GID = 0x0000000100000001) into model. Unknown property id = 1517713074423922945 for entity (GID = 0x0000000100000001).
14.5.2023. 19:46:21 : Inserting entity with GID (0000000100000002).
14.5.2023. 19:46:21 : Inserting entity with GID (0000000100000003).
14.5.2023. 19:46:21 : Inserting entity with GID (0000000100000004).
14.5.2023. 19:46:21 : Inserting entity with GID (0000000200000001).
14.5.2023. 19:46:21 : Inserting entity with GID (0000000200000002).
14.5.2023. 19:46:21 : Inserting entity with GID (0000000200000003).
14.5.2023. 19:46:21 : Inserting entity with GID (0000000300000001).
14.5.2023. 19:46:21 : Inserting entity with GID (0000000300000002).
14.5.2023. 19:46:21 : Inserting entity with GID (0000000300000003).
14.5.2023. 19:46:21 : Inserting entity with GID (0000000400000001).
14.5.2023. 19:46:21 : Inserting entity with GID (0000000400000002).
14.5.2023. 19:46:21 : Inserting entity with GID (0000000400000003).
14.5.2023. 19:46:21 : Inserting entity with GID (0000000500000001).
14.5.2023. 19:46:21 : Inserting entity with GID (0000000500000002).
14.5.2023. 19:46:21 : Inserting entity with GID (0000000500000003).
14.5.2023. 19:46:21 : Inserting entity with GID (0000000600000001).
14.5.2023. 19:46:22 : The WCF service GenericDataAccess is ready.
14.5.2023. 19:46:22 : Endpoints:
14.5.2023. 19:46:22 : net.tcp://localhost:10000/NetworkModelService/GDA/
14.5.2023. 19:46:22 : Connection string: ../NetworkModelData.data
14.5.2023. 19:46:22 : Trace level: Info
14.5.2023. 19:46:22 : The Network Model Service is started.
14.5.2023. 19:46:22 : Press <Enter> to stop the service.
27.5.2023. 22:41:48 : Starting Network Model Serivice...
27.5.2023. 22:41:49 : Inserting entity with GID (0000000100000001).
27.5.2023. 22:41:49 : Unknown property id = 1517713074423922945 for entity (GID = 0x0000000100000001).
27.5.2023. 22:41:49 : Failed to insert entity (GID = 0x0000000100000001) into model. Unknown property id = 1517713074423922945 for entity (GID = 0x0000000100000001).
27.5.2023. 22:41:49 : Error while applying delta (id = 1) during service initialization. Failed to insert entity (GID = 0x0000000100000001) into model. Unknown property id = 1517713074423922945 for entity (GID = 0x0000000100000001).
27.5.2023. 22:41:49 : Inserting entity with GID (0000000100000002).
27.5.2023. 22:41:49 : Inserting entity with GID (0000000100000003).
27.5.2023. 22:41:49 : Inserting entity with GID (0000000100000004).
27.5.2023. 22:41:49 : Inserting entity with GID (0000000200000001).
27.5.2023. 22:41:49 : Inserting entity with GID (0000000200000002).
27.5.2023. 22:41:49 : Inserting entity with GID (0000000200000003).
27.5.2023. 22:41:49 : Inserting entity with GID (0000000300000001).
27.5.2023. 22:41:49 : Inserting entity with GID (0000000300000002).
27.5.2023. 22:41:49 : Inserting entity with GID (0000000300000003).
27.5.2023. 22:41:49 : Inserting entity with GID (0000000400000001).
27.5.2023. 22:41:49 : Inserting entity with GID (0000000400000002).
27.5.2023. 22:41:49 : Inserting entity with GID (0000000400000003).
27.5.2023. 22:41:49 : Inserting entity with GID (0000000500000001).
27.5.2023. 22:41:49 : Inserting entity with GID (0000000500000002).
27.5.2023. 22:41:49 : Inserting entity with GID (0000000500000003).
27.5.2023. 22:41:49 : Inserting entity with GID (0000000600000001).
27.5.2023. 22:41:50 : The WCF service GenericDataAccess is ready.
27.5.2023. 22:41:50 : Endpoints:
27.5.2023. 22:41:50 : net.tcp://localhost:10000/NetworkModelService/GDA/
27.5.2023. 22:41:50 : Connection string: ../NetworkModelData.data
27.5.2023. 22:41:50 : Trace level: Info
27.5.2023. 22:41:50 : The Network Model Service is started.
27.5.2023. 22:41:50 : Press <Enter> to stop the service.
27.5.2023. 22:49:42 : Starting Network Model Serivice...
27.5.2023. 22:49:42 : Inserting entity with GID (0000000100000001).
27.5.2023. 22:49:42 : Unknown property id = 1517713074423922945 for entity (GID = 0x0000000100000001).
27.5.2023. 22:49:42 : Failed to insert entity (GID = 0x0000000100000001) into model. Unknown property id = 1517713074423922945 for entity (GID = 0x0000000100000001).
27.5.2023. 22:49:42 : Error while applying delta (id = 1) during service initialization. Failed to insert entity (GID = 0x0000000100000001) into model. Unknown property id = 1517713074423922945 for entity (GID = 0x0000000100000001).
27.5.2023. 22:49:42 : Inserting entity with GID (0000000100000002).
27.5.2023. 22:49:42 : Inserting entity with GID (0000000100000003).
27.5.2023. 22:49:42 : Inserting entity with GID (0000000100000004).
27.5.2023. 22:49:42 : Inserting entity with GID (0000000200000001).
27.5.2023. 22:49:42 : Inserting entity with GID (0000000200000002).
27.5.2023. 22:49:42 : Inserting entity with GID (0000000200000003).
27.5.2023. 22:49:42 : Inserting entity with GID (0000000300000001).
27.5.2023. 22:49:42 : Inserting entity with GID (0000000300000002).
27.5.2023. 22:49:42 : Inserting entity with GID (0000000300000003).
27.5.2023. 22:49:42 : Inserting entity with GID (0000000400000001).
27.5.2023. 22:49:42 : Inserting entity with GID (0000000400000002).
27.5.2023. 22:49:42 : Inserting entity with GID (0000000400000003).
27.5.2023. 22:49:42 : Inserting entity with GID (0000000500000001).
27.5.2023. 22:49:42 : Inserting entity with GID (0000000500000002).
27.5.2023. 22:49:42 : Inserting entity with GID (0000000500000003).
27.5.2023. 22:49:42 : Inserting entity with GID (0000000600000001).
27.5.2023. 22:49:43 : The WCF service GenericDataAccess is ready.
27.5.2023. 22:49:43 : Endpoints:
27.5.2023. 22:49:43 : net.tcp://localhost:10000/NetworkModelService/GDA/
27.5.2023. 22:49:43 : Connection string: ../NetworkModelData.data
27.5.2023. 22:49:43 : Trace level: Info
27.5.2023. 22:49:43 : The Network Model Service is started.
27.5.2023. 22:49:43 : Press <Enter> to stop the service.
27.5.2023. 22:50:25 : Failed to set value for property (REGULATINGCONTROL_TERMINAL) because specified vector value is not compatible with property type (Reference).
27.5.2023. 22:50:25 : Collecting ResourceDescriptions failed. Exception: Failed to get values for entity with GID = 0x0000000200000001. Failed to set value for property (REGULATINGCONTROL_TERMINAL) because specified vector value is not compatible with property type (Reference).
27.5.2023. 22:50:25 : Failed to get next set of ResourceDescription iterators. Failed to get values for entity with GID = 0x0000000200000001. Failed to set value for property (REGULATINGCONTROL_TERMINAL) because specified vector value is not compatible with property type (Reference).
27.5.2023. 22:50:25 : IteratorNext failed. Iterator ID = 13. Resources to fetch count = 2. Failed to get next set of ResourceDescription iterators. Failed to get values for entity with GID = 0x0000000200000001. Failed to set value for property (REGULATINGCONTROL_TERMINAL) because specified vector value is not compatible with property type (Reference). 
27.5.2023. 22:52:17 : Unknown property id = REGULARINTERVALSCHED_ENDTIME for entity (GID = 0x0000000500000001).
27.5.2023. 22:52:17 : Getting values for resource with ID = 0x0000000500000001 failed. Failed to get values for entity with GID = 0x0000000500000001. Unknown property id = REGULARINTERVALSCHED_ENDTIME for entity (GID = 0x0000000500000001).
27.5.2023. 22:53:26 : Starting Network Model Serivice...
27.5.2023. 22:53:26 : Inserting entity with GID (0000000100000001).
27.5.2023. 22:53:26 : Unknown property id = 1517713074423922945 for entity (GID = 0x0000000100000001).
27.5.2023. 22:53:26 : Failed to insert entity (GID = 0x0000000100000001) into model. Unknown property id = 1517713074423922945 for entity (GID = 0x0000000100000001).
27.5.2023. 22:53:26 : Error while applying delta (id = 1) during service initialization. Failed to insert entity (GID = 0x0000000100000001) into model. Unknown property id = 1517713074423922945 for entity (GID = 0x0000000100000001).
27.5.2023. 22:53:26 : Inserting entity with GID (0000000100000002).
27.5.2023. 22:53:26 : Inserting entity with GID (0000000100000003).
27.5.2023. 22:53:26 : Inserting entity with GID (0000000100000004).
27.5.2023. 22:53:26 : Inserting entity with GID (0000000200000001).
27.5.2023. 22:53:26 : Inserting entity with GID (0000000200000002).
27.5.2023. 22:53:26 : Inserting entity with GID (0000000200000003).
27.5.2023. 22:53:26 : Inserting entity with GID (0000000300000001).
27.5.2023. 22:53:26 : Inserting entity with GID (0000000300000002).
27.5.2023. 22:53:26 : Inserting entity with GID (0000000300000003).
27.5.2023. 22:53:26 : Inserting entity with GID (0000000400000001).
27.5.2023. 22:53:26 : Inserting entity with GID (0000000400000002).
27.5.2023. 22:53:26 : Inserting entity with GID (0000000400000003).
27.5.2023. 22:53:26 : Inserting entity with GID (0000000500000001).
27.5.2023. 22:53:26 : Inserting entity with GID (0000000500000002).
27.5.2023. 22:53:26 : Inserting entity with GID (0000000500000003).
27.5.2023. 22:53:26 : Inserting entity with GID (0000000600000001).
27.5.2023. 22:53:27 : The WCF service GenericDataAccess is ready.
27.5.2023. 22:53:27 : Endpoints:
27.5.2023. 22:53:27 : net.tcp://localhost:10000/NetworkModelService/GDA/
27.5.2023. 22:53:27 : Connection string: ../NetworkModelData.data
27.5.2023. 22:53:27 : Trace level: Info
27.5.2023. 22:53:27 : The Network Model Service is started.
27.5.2023. 22:53:27 : Press <Enter> to stop the service.
27.5.2023. 22:57:38 : Unknown property id = REGULARINTERVALSCHED_ENDTIME for entity (GID = 0x0000000500000003).
27.5.2023. 22:57:38 : Collecting ResourceDescriptions failed. Exception: Failed to get values for entity with GID = 0x0000000500000003. Unknown property id = REGULARINTERVALSCHED_ENDTIME for entity (GID = 0x0000000500000003).
27.5.2023. 22:57:38 : Failed to get next set of ResourceDescription iterators. Failed to get values for entity with GID = 0x0000000500000003. Unknown property id = REGULARINTERVALSCHED_ENDTIME for entity (GID = 0x0000000500000003).
27.5.2023. 22:57:38 : IteratorNext failed. Iterator ID = 23. Resources to fetch count = 2. Failed to get next set of ResourceDescription iterators. Failed to get values for entity with GID = 0x0000000500000003. Unknown property id = REGULARINTERVALSCHED_ENDTIME for entity (GID = 0x0000000500000003). 
28.5.2023. 15:20:41 : Starting Network Model Serivice...
28.5.2023. 15:20:41 : Inserting entity with GID (0000000100000001).
28.5.2023. 15:20:41 : Unknown property id = 1517713074423922945 for entity (GID = 0x0000000100000001).
28.5.2023. 15:20:41 : Failed to insert entity (GID = 0x0000000100000001) into model. Unknown property id = 1517713074423922945 for entity (GID = 0x0000000100000001).
28.5.2023. 15:20:41 : Error while applying delta (id = 1) during service initialization. Failed to insert entity (GID = 0x0000000100000001) into model. Unknown property id = 1517713074423922945 for entity (GID = 0x0000000100000001).
28.5.2023. 15:20:41 : Inserting entity with GID (0000000100000002).
28.5.2023. 15:20:41 : Inserting entity with GID (0000000100000003).
28.5.2023. 15:20:41 : Inserting entity with GID (0000000100000004).
28.5.2023. 15:20:41 : Inserting entity with GID (0000000200000001).
28.5.2023. 15:20:41 : Inserting entity with GID (0000000200000002).
28.5.2023. 15:20:41 : Inserting entity with GID (0000000200000003).
28.5.2023. 15:20:41 : Inserting entity with GID (0000000300000001).
28.5.2023. 15:20:41 : Inserting entity with GID (0000000300000002).
28.5.2023. 15:20:41 : Inserting entity with GID (0000000300000003).
28.5.2023. 15:20:41 : Inserting entity with GID (0000000400000001).
28.5.2023. 15:20:41 : Inserting entity with GID (0000000400000002).
28.5.2023. 15:20:41 : Inserting entity with GID (0000000400000003).
28.5.2023. 15:20:41 : Inserting entity with GID (0000000500000001).
28.5.2023. 15:20:41 : Inserting entity with GID (0000000500000002).
28.5.2023. 15:20:41 : Inserting entity with GID (0000000500000003).
28.5.2023. 15:20:41 : Inserting entity with GID (0000000600000001).
28.5.2023. 15:20:42 : The WCF service GenericDataAccess is ready.
28.5.2023. 15:20:42 : Endpoints:
28.5.2023. 15:20:42 : net.tcp://localhost:10000/NetworkModelService/GDA/
28.5.2023. 15:20:42 : Connection string: ../NetworkModelData.data
28.5.2023. 15:20:42 : Trace level: Info
28.5.2023. 15:20:42 : The Network Model Service is started.
28.5.2023. 15:20:42 : Press <Enter> to stop the service.
28.5.2023. 15:23:40 : Failed to set value for property (REGULATINGCONTROL_TERMINAL) because specified vector value is not compatible with property type (Reference).
28.5.2023. 15:23:40 : Collecting ResourceDescriptions failed. Exception: Failed to get values for entity with GID = 0x0000000200000001. Failed to set value for property (REGULATINGCONTROL_TERMINAL) because specified vector value is not compatible with property type (Reference).
28.5.2023. 15:23:40 : Failed to get next set of ResourceDescription iterators. Failed to get values for entity with GID = 0x0000000200000001. Failed to set value for property (REGULATINGCONTROL_TERMINAL) because specified vector value is not compatible with property type (Reference).
28.5.2023. 15:23:40 : IteratorNext failed. Iterator ID = 15. Resources to fetch count = 2. Failed to get next set of ResourceDescription iterators. Failed to get values for entity with GID = 0x0000000200000001. Failed to set value for property (REGULATINGCONTROL_TERMINAL) because specified vector value is not compatible with property type (Reference). 
28.5.2023. 15:35:50 : Starting Network Model Serivice...
28.5.2023. 15:35:50 : Inserting entity with GID (0000000100000001).
28.5.2023. 15:35:50 : Unknown property id = 1517713074423922945 for entity (GID = 0x0000000100000001).
28.5.2023. 15:35:50 : Failed to insert entity (GID = 0x0000000100000001) into model. Unknown property id = 1517713074423922945 for entity (GID = 0x0000000100000001).
28.5.2023. 15:35:50 : Error while applying delta (id = 1) during service initialization. Failed to insert entity (GID = 0x0000000100000001) into model. Unknown property id = 1517713074423922945 for entity (GID = 0x0000000100000001).
28.5.2023. 15:35:50 : Inserting entity with GID (0000000100000002).
28.5.2023. 15:35:50 : Inserting entity with GID (0000000100000003).
28.5.2023. 15:35:50 : Inserting entity with GID (0000000100000004).
28.5.2023. 15:35:50 : Inserting entity with GID (0000000200000001).
28.5.2023. 15:35:50 : Inserting entity with GID (0000000200000002).
28.5.2023. 15:35:50 : Inserting entity with GID (0000000200000003).
28.5.2023. 15:35:50 : Inserting entity with GID (0000000300000001).
28.5.2023. 15:35:50 : Inserting entity with GID (0000000300000002).
28.5.2023. 15:35:50 : Inserting entity with GID (0000000300000003).
28.5.2023. 15:35:50 : Inserting entity with GID (0000000400000001).
28.5.2023. 15:35:50 : Inserting entity with GID (0000000400000002).
28.5.2023. 15:35:50 : Inserting entity with GID (0000000400000003).
28.5.2023. 15:35:50 : Inserting entity with GID (0000000500000001).
28.5.2023. 15:35:50 : Inserting entity with GID (0000000500000002).
28.5.2023. 15:35:50 : Inserting entity with GID (0000000500000003).
28.5.2023. 15:35:50 : Inserting entity with GID (0000000600000001).
28.5.2023. 15:35:51 : The WCF service GenericDataAccess is ready.
28.5.2023. 15:35:51 : Endpoints:
28.5.2023. 15:35:51 : net.tcp://localhost:10000/NetworkModelService/GDA/
28.5.2023. 15:35:51 : Connection string: ../NetworkModelData.data
28.5.2023. 15:35:51 : Trace level: Info
28.5.2023. 15:35:51 : The Network Model Service is started.
28.5.2023. 15:35:51 : Press <Enter> to stop the service.
28.5.2023. 15:36:04 : Applying  delta to network model.
28.5.2023. 15:36:04 : Inserting entity with GID (0000000100000005).
28.5.2023. 15:36:04 : Inserting entity with GID (0000000100000006).
28.5.2023. 15:36:04 : Inserting entity with GID (0000000100000007).
28.5.2023. 15:36:04 : Inserting entity with GID (0000000200000004).
28.5.2023. 15:36:04 : Inserting entity with GID (0000000200000005).
28.5.2023. 15:36:04 : Inserting entity with GID (0000000200000006).
28.5.2023. 15:36:04 : Inserting entity with GID (0000000300000004).
28.5.2023. 15:36:04 : Inserting entity with GID (0000000300000005).
28.5.2023. 15:36:04 : Inserting entity with GID (0000000300000006).
28.5.2023. 15:36:04 : Inserting entity with GID (0000000400000004).
28.5.2023. 15:36:04 : Inserting entity with GID (0000000400000005).
28.5.2023. 15:36:04 : Inserting entity with GID (0000000400000006).
28.5.2023. 15:36:04 : Inserting entity with GID (0000000500000004).
28.5.2023. 15:36:04 : Inserting entity with GID (0000000500000005).
28.5.2023. 15:36:04 : Inserting entity with GID (0000000500000006).
28.5.2023. 15:36:04 : Inserting entity with GID (0000000600000002).
28.5.2023. 15:36:04 : Applying delta to network model successfully finished.
28.5.2023. 16:00:20 : Starting Network Model Serivice...
28.5.2023. 16:00:20 : Inserting entity with GID (0000000100000001).
28.5.2023. 16:00:20 : Unknown property id = 1517713074423922945 for entity (GID = 0x0000000100000001).
28.5.2023. 16:00:21 : Failed to insert entity (GID = 0x0000000100000001) into model. Unknown property id = 1517713074423922945 for entity (GID = 0x0000000100000001).
28.5.2023. 16:00:21 : Error while applying delta (id = 1) during service initialization. Failed to insert entity (GID = 0x0000000100000001) into model. Unknown property id = 1517713074423922945 for entity (GID = 0x0000000100000001).
28.5.2023. 16:00:21 : Inserting entity with GID (0000000100000002).
28.5.2023. 16:00:21 : Inserting entity with GID (0000000100000003).
28.5.2023. 16:00:21 : Inserting entity with GID (0000000100000004).
28.5.2023. 16:00:21 : Inserting entity with GID (0000000200000001).
28.5.2023. 16:00:21 : Inserting entity with GID (0000000200000002).
28.5.2023. 16:00:21 : Inserting entity with GID (0000000200000003).
28.5.2023. 16:00:21 : Inserting entity with GID (0000000300000001).
28.5.2023. 16:00:21 : Inserting entity with GID (0000000300000002).
28.5.2023. 16:00:21 : Inserting entity with GID (0000000300000003).
28.5.2023. 16:00:21 : Inserting entity with GID (0000000400000001).
28.5.2023. 16:00:21 : Inserting entity with GID (0000000400000002).
28.5.2023. 16:00:21 : Inserting entity with GID (0000000400000003).
28.5.2023. 16:00:21 : Inserting entity with GID (0000000500000001).
28.5.2023. 16:00:21 : Inserting entity with GID (0000000500000002).
28.5.2023. 16:00:21 : Inserting entity with GID (0000000500000003).
28.5.2023. 16:00:21 : Inserting entity with GID (0000000600000001).
28.5.2023. 16:00:21 : Inserting entity with GID (0000000100000005).
28.5.2023. 16:00:21 : Inserting entity with GID (0000000100000006).
28.5.2023. 16:00:21 : Inserting entity with GID (0000000100000007).
28.5.2023. 16:00:21 : Inserting entity with GID (0000000200000004).
28.5.2023. 16:00:21 : Inserting entity with GID (0000000200000005).
28.5.2023. 16:00:21 : Inserting entity with GID (0000000200000006).
28.5.2023. 16:00:21 : Inserting entity with GID (0000000300000004).
28.5.2023. 16:00:21 : Inserting entity with GID (0000000300000005).
28.5.2023. 16:00:21 : Inserting entity with GID (0000000300000006).
28.5.2023. 16:00:21 : Inserting entity with GID (0000000400000004).
28.5.2023. 16:00:21 : Inserting entity with GID (0000000400000005).
28.5.2023. 16:00:21 : Inserting entity with GID (0000000400000006).
28.5.2023. 16:00:21 : Inserting entity with GID (0000000500000004).
28.5.2023. 16:00:21 : Inserting entity with GID (0000000500000005).
28.5.2023. 16:00:21 : Inserting entity with GID (0000000500000006).
28.5.2023. 16:00:21 : Inserting entity with GID (0000000600000002).
28.5.2023. 16:00:23 : The WCF service GenericDataAccess is ready.
28.5.2023. 16:00:23 : Endpoints:
28.5.2023. 16:00:23 : net.tcp://localhost:10000/NetworkModelService/GDA/
28.5.2023. 16:00:23 : Connection string: ../NetworkModelData.data
28.5.2023. 16:00:23 : Trace level: Info
28.5.2023. 16:00:23 : The Network Model Service is started.
28.5.2023. 16:00:23 : Press <Enter> to stop the service.
28.5.2023. 16:19:31 : Starting Network Model Serivice...
28.5.2023. 16:19:32 : Inserting entity with GID (0000000100000001).
28.5.2023. 16:19:32 : Unknown property id = 1517713074423922945 for entity (GID = 0x0000000100000001).
28.5.2023. 16:19:32 : Failed to insert entity (GID = 0x0000000100000001) into model. Unknown property id = 1517713074423922945 for entity (GID = 0x0000000100000001).
28.5.2023. 16:19:32 : Error while applying delta (id = 1) during service initialization. Failed to insert entity (GID = 0x0000000100000001) into model. Unknown property id = 1517713074423922945 for entity (GID = 0x0000000100000001).
28.5.2023. 16:19:32 : Inserting entity with GID (0000000100000002).
28.5.2023. 16:19:32 : Inserting entity with GID (0000000100000003).
28.5.2023. 16:19:32 : Inserting entity with GID (0000000100000004).
28.5.2023. 16:19:32 : Inserting entity with GID (0000000200000001).
28.5.2023. 16:19:32 : Inserting entity with GID (0000000200000002).
28.5.2023. 16:19:32 : Inserting entity with GID (0000000200000003).
28.5.2023. 16:19:32 : Inserting entity with GID (0000000300000001).
28.5.2023. 16:19:32 : Inserting entity with GID (0000000300000002).
28.5.2023. 16:19:32 : Inserting entity with GID (0000000300000003).
28.5.2023. 16:19:32 : Inserting entity with GID (0000000400000001).
28.5.2023. 16:19:32 : Inserting entity with GID (0000000400000002).
28.5.2023. 16:19:32 : Inserting entity with GID (0000000400000003).
28.5.2023. 16:19:32 : Inserting entity with GID (0000000500000001).
28.5.2023. 16:19:32 : Inserting entity with GID (0000000500000002).
28.5.2023. 16:19:32 : Inserting entity with GID (0000000500000003).
28.5.2023. 16:19:32 : Inserting entity with GID (0000000600000001).
28.5.2023. 16:19:32 : Inserting entity with GID (0000000100000005).
28.5.2023. 16:19:32 : Inserting entity with GID (0000000100000006).
28.5.2023. 16:19:32 : Inserting entity with GID (0000000100000007).
28.5.2023. 16:19:32 : Inserting entity with GID (0000000200000004).
28.5.2023. 16:19:32 : Inserting entity with GID (0000000200000005).
28.5.2023. 16:19:32 : Inserting entity with GID (0000000200000006).
28.5.2023. 16:19:32 : Inserting entity with GID (0000000300000004).
28.5.2023. 16:19:32 : Inserting entity with GID (0000000300000005).
28.5.2023. 16:19:32 : Inserting entity with GID (0000000300000006).
28.5.2023. 16:19:32 : Inserting entity with GID (0000000400000004).
28.5.2023. 16:19:32 : Inserting entity with GID (0000000400000005).
28.5.2023. 16:19:32 : Inserting entity with GID (0000000400000006).
28.5.2023. 16:19:32 : Inserting entity with GID (0000000500000004).
28.5.2023. 16:19:32 : Inserting entity with GID (0000000500000005).
28.5.2023. 16:19:32 : Inserting entity with GID (0000000500000006).
28.5.2023. 16:19:32 : Inserting entity with GID (0000000600000002).
28.5.2023. 16:19:32 : The WCF service GenericDataAccess is ready.
28.5.2023. 16:19:32 : Endpoints:
28.5.2023. 16:19:32 : net.tcp://localhost:10000/NetworkModelService/GDA/
28.5.2023. 16:19:32 : Connection string: ../NetworkModelData.data
28.5.2023. 16:19:32 : Trace level: Info
28.5.2023. 16:19:32 : The Network Model Service is started.
28.5.2023. 16:19:32 : Press <Enter> to stop the service.
28.5.2023. 16:20:46 : Starting Network Model Serivice...
28.5.2023. 16:20:47 : Inserting entity with GID (0000000100000001).
28.5.2023. 16:20:47 : Unknown property id = 1517713074423922945 for entity (GID = 0x0000000100000001).
28.5.2023. 16:20:47 : Failed to insert entity (GID = 0x0000000100000001) into model. Unknown property id = 1517713074423922945 for entity (GID = 0x0000000100000001).
28.5.2023. 16:20:47 : Error while applying delta (id = 1) during service initialization. Failed to insert entity (GID = 0x0000000100000001) into model. Unknown property id = 1517713074423922945 for entity (GID = 0x0000000100000001).
28.5.2023. 16:20:47 : Inserting entity with GID (0000000100000002).
28.5.2023. 16:20:47 : Inserting entity with GID (0000000100000003).
28.5.2023. 16:20:47 : Inserting entity with GID (0000000100000004).
28.5.2023. 16:20:47 : Inserting entity with GID (0000000200000001).
28.5.2023. 16:20:47 : Inserting entity with GID (0000000200000002).
28.5.2023. 16:20:47 : Inserting entity with GID (0000000200000003).
28.5.2023. 16:20:47 : Inserting entity with GID (0000000300000001).
28.5.2023. 16:20:47 : Inserting entity with GID (0000000300000002).
28.5.2023. 16:20:47 : Inserting entity with GID (0000000300000003).
28.5.2023. 16:20:47 : Inserting entity with GID (0000000400000001).
28.5.2023. 16:20:47 : Inserting entity with GID (0000000400000002).
28.5.2023. 16:20:47 : Inserting entity with GID (0000000400000003).
28.5.2023. 16:20:47 : Inserting entity with GID (0000000500000001).
28.5.2023. 16:20:47 : Inserting entity with GID (0000000500000002).
28.5.2023. 16:20:47 : Inserting entity with GID (0000000500000003).
28.5.2023. 16:20:47 : Inserting entity with GID (0000000600000001).
28.5.2023. 16:20:47 : Inserting entity with GID (0000000100000005).
28.5.2023. 16:20:47 : Inserting entity with GID (0000000100000006).
28.5.2023. 16:20:47 : Inserting entity with GID (0000000100000007).
28.5.2023. 16:20:47 : Inserting entity with GID (0000000200000004).
28.5.2023. 16:20:47 : Inserting entity with GID (0000000200000005).
28.5.2023. 16:20:47 : Inserting entity with GID (0000000200000006).
28.5.2023. 16:20:47 : Inserting entity with GID (0000000300000004).
28.5.2023. 16:20:47 : Inserting entity with GID (0000000300000005).
28.5.2023. 16:20:47 : Inserting entity with GID (0000000300000006).
28.5.2023. 16:20:47 : Inserting entity with GID (0000000400000004).
28.5.2023. 16:20:47 : Inserting entity with GID (0000000400000005).
28.5.2023. 16:20:47 : Inserting entity with GID (0000000400000006).
28.5.2023. 16:20:47 : Inserting entity with GID (0000000500000004).
28.5.2023. 16:20:47 : Inserting entity with GID (0000000500000005).
28.5.2023. 16:20:47 : Inserting entity with GID (0000000500000006).
28.5.2023. 16:20:47 : Inserting entity with GID (0000000600000002).
28.5.2023. 16:20:47 : The WCF service GenericDataAccess is ready.
28.5.2023. 16:20:47 : Endpoints:
28.5.2023. 16:20:47 : net.tcp://localhost:10000/NetworkModelService/GDA/
28.5.2023. 16:20:47 : Connection string: ../NetworkModelData.data
28.5.2023. 16:20:47 : Trace level: Info
28.5.2023. 16:20:47 : The Network Model Service is started.
28.5.2023. 16:20:47 : Press <Enter> to stop the service.
28.5.2023. 16:22:00 : Starting Network Model Serivice...
28.5.2023. 16:22:00 : Inserting entity with GID (0000000100000001).
28.5.2023. 16:22:00 : Unknown property id = 1517713074423922945 for entity (GID = 0x0000000100000001).
28.5.2023. 16:22:00 : Failed to insert entity (GID = 0x0000000100000001) into model. Unknown property id = 1517713074423922945 for entity (GID = 0x0000000100000001).
28.5.2023. 16:22:00 : Error while applying delta (id = 1) during service initialization. Failed to insert entity (GID = 0x0000000100000001) into model. Unknown property id = 1517713074423922945 for entity (GID = 0x0000000100000001).
28.5.2023. 16:22:00 : Inserting entity with GID (0000000100000002).
28.5.2023. 16:22:00 : Inserting entity with GID (0000000100000003).
28.5.2023. 16:22:00 : Inserting entity with GID (0000000100000004).
28.5.2023. 16:22:00 : Inserting entity with GID (0000000200000001).
28.5.2023. 16:22:00 : Inserting entity with GID (0000000200000002).
28.5.2023. 16:22:00 : Inserting entity with GID (0000000200000003).
28.5.2023. 16:22:00 : Inserting entity with GID (0000000300000001).
28.5.2023. 16:22:00 : Inserting entity with GID (0000000300000002).
28.5.2023. 16:22:00 : Inserting entity with GID (0000000300000003).
28.5.2023. 16:22:00 : Inserting entity with GID (0000000400000001).
28.5.2023. 16:22:00 : Inserting entity with GID (0000000400000002).
28.5.2023. 16:22:00 : Inserting entity with GID (0000000400000003).
28.5.2023. 16:22:00 : Inserting entity with GID (0000000500000001).
28.5.2023. 16:22:00 : Inserting entity with GID (0000000500000002).
28.5.2023. 16:22:00 : Inserting entity with GID (0000000500000003).
28.5.2023. 16:22:00 : Inserting entity with GID (0000000600000001).
28.5.2023. 16:22:00 : Inserting entity with GID (0000000100000005).
28.5.2023. 16:22:00 : Inserting entity with GID (0000000100000006).
28.5.2023. 16:22:00 : Inserting entity with GID (0000000100000007).
28.5.2023. 16:22:00 : Inserting entity with GID (0000000200000004).
28.5.2023. 16:22:00 : Inserting entity with GID (0000000200000005).
28.5.2023. 16:22:00 : Inserting entity with GID (0000000200000006).
28.5.2023. 16:22:00 : Inserting entity with GID (0000000300000004).
28.5.2023. 16:22:00 : Inserting entity with GID (0000000300000005).
28.5.2023. 16:22:00 : Inserting entity with GID (0000000300000006).
28.5.2023. 16:22:00 : Inserting entity with GID (0000000400000004).
28.5.2023. 16:22:00 : Inserting entity with GID (0000000400000005).
28.5.2023. 16:22:00 : Inserting entity with GID (0000000400000006).
28.5.2023. 16:22:00 : Inserting entity with GID (0000000500000004).
28.5.2023. 16:22:00 : Inserting entity with GID (0000000500000005).
28.5.2023. 16:22:00 : Inserting entity with GID (0000000500000006).
28.5.2023. 16:22:00 : Inserting entity with GID (0000000600000002).
28.5.2023. 16:22:01 : The WCF service GenericDataAccess is ready.
28.5.2023. 16:22:01 : Endpoints:
28.5.2023. 16:22:01 : net.tcp://localhost:10000/NetworkModelService/GDA/
28.5.2023. 16:22:01 : Connection string: ../NetworkModelData.data
28.5.2023. 16:22:01 : Trace level: Info
28.5.2023. 16:22:01 : The Network Model Service is started.
28.5.2023. 16:22:01 : Press <Enter> to stop the service.
28.5.2023. 16:29:34 : Starting Network Model Serivice...
28.5.2023. 16:29:34 : Inserting entity with GID (0000000100000001).
28.5.2023. 16:29:34 : Unknown property id = 1517713074423922945 for entity (GID = 0x0000000100000001).
28.5.2023. 16:29:34 : Failed to insert entity (GID = 0x0000000100000001) into model. Unknown property id = 1517713074423922945 for entity (GID = 0x0000000100000001).
28.5.2023. 16:29:34 : Error while applying delta (id = 1) during service initialization. Failed to insert entity (GID = 0x0000000100000001) into model. Unknown property id = 1517713074423922945 for entity (GID = 0x0000000100000001).
28.5.2023. 16:29:34 : Inserting entity with GID (0000000100000002).
28.5.2023. 16:29:34 : Inserting entity with GID (0000000100000003).
28.5.2023. 16:29:34 : Inserting entity with GID (0000000100000004).
28.5.2023. 16:29:34 : Inserting entity with GID (0000000200000001).
28.5.2023. 16:29:34 : Inserting entity with GID (0000000200000002).
28.5.2023. 16:29:34 : Inserting entity with GID (0000000200000003).
28.5.2023. 16:29:34 : Inserting entity with GID (0000000300000001).
28.5.2023. 16:29:34 : Inserting entity with GID (0000000300000002).
28.5.2023. 16:29:34 : Inserting entity with GID (0000000300000003).
28.5.2023. 16:29:34 : Inserting entity with GID (0000000400000001).
28.5.2023. 16:29:34 : Inserting entity with GID (0000000400000002).
28.5.2023. 16:29:34 : Inserting entity with GID (0000000400000003).
28.5.2023. 16:29:34 : Inserting entity with GID (0000000500000001).
28.5.2023. 16:29:34 : Inserting entity with GID (0000000500000002).
28.5.2023. 16:29:34 : Inserting entity with GID (0000000500000003).
28.5.2023. 16:29:34 : Inserting entity with GID (0000000600000001).
28.5.2023. 16:29:34 : Inserting entity with GID (0000000100000005).
28.5.2023. 16:29:34 : Inserting entity with GID (0000000100000006).
28.5.2023. 16:29:34 : Inserting entity with GID (0000000100000007).
28.5.2023. 16:29:34 : Inserting entity with GID (0000000200000004).
28.5.2023. 16:29:34 : Inserting entity with GID (0000000200000005).
28.5.2023. 16:29:34 : Inserting entity with GID (0000000200000006).
28.5.2023. 16:29:34 : Inserting entity with GID (0000000300000004).
28.5.2023. 16:29:34 : Inserting entity with GID (0000000300000005).
28.5.2023. 16:29:34 : Inserting entity with GID (0000000300000006).
28.5.2023. 16:29:34 : Inserting entity with GID (0000000400000004).
28.5.2023. 16:29:34 : Inserting entity with GID (0000000400000005).
28.5.2023. 16:29:34 : Inserting entity with GID (0000000400000006).
28.5.2023. 16:29:34 : Inserting entity with GID (0000000500000004).
28.5.2023. 16:29:34 : Inserting entity with GID (0000000500000005).
28.5.2023. 16:29:34 : Inserting entity with GID (0000000500000006).
28.5.2023. 16:29:34 : Inserting entity with GID (0000000600000002).
28.5.2023. 16:29:35 : The WCF service GenericDataAccess is ready.
28.5.2023. 16:29:35 : Endpoints:
28.5.2023. 16:29:35 : net.tcp://localhost:10000/NetworkModelService/GDA/
28.5.2023. 16:29:35 : Connection string: ../NetworkModelData.data
28.5.2023. 16:29:35 : Trace level: Info
28.5.2023. 16:29:35 : The Network Model Service is started.
28.5.2023. 16:29:35 : Press <Enter> to stop the service.
28.5.2023. 16:35:06 : Starting Network Model Serivice...
28.5.2023. 16:35:06 : Inserting entity with GID (0000000100000001).
28.5.2023. 16:35:06 : Unknown property id = 1517713074423922945 for entity (GID = 0x0000000100000001).
28.5.2023. 16:35:06 : Failed to insert entity (GID = 0x0000000100000001) into model. Unknown property id = 1517713074423922945 for entity (GID = 0x0000000100000001).
28.5.2023. 16:35:06 : Error while applying delta (id = 1) during service initialization. Failed to insert entity (GID = 0x0000000100000001) into model. Unknown property id = 1517713074423922945 for entity (GID = 0x0000000100000001).
28.5.2023. 16:35:06 : Inserting entity with GID (0000000100000002).
28.5.2023. 16:35:06 : Inserting entity with GID (0000000100000003).
28.5.2023. 16:35:06 : Inserting entity with GID (0000000100000004).
28.5.2023. 16:35:06 : Inserting entity with GID (0000000200000001).
28.5.2023. 16:35:06 : Inserting entity with GID (0000000200000002).
28.5.2023. 16:35:06 : Inserting entity with GID (0000000200000003).
28.5.2023. 16:35:06 : Inserting entity with GID (0000000300000001).
28.5.2023. 16:35:06 : Inserting entity with GID (0000000300000002).
28.5.2023. 16:35:06 : Inserting entity with GID (0000000300000003).
28.5.2023. 16:35:06 : Inserting entity with GID (0000000400000001).
28.5.2023. 16:35:06 : Inserting entity with GID (0000000400000002).
28.5.2023. 16:35:06 : Inserting entity with GID (0000000400000003).
28.5.2023. 16:35:06 : Inserting entity with GID (0000000500000001).
28.5.2023. 16:35:06 : Inserting entity with GID (0000000500000002).
28.5.2023. 16:35:06 : Inserting entity with GID (0000000500000003).
28.5.2023. 16:35:06 : Inserting entity with GID (0000000600000001).
28.5.2023. 16:35:06 : Inserting entity with GID (0000000100000005).
28.5.2023. 16:35:06 : Inserting entity with GID (0000000100000006).
28.5.2023. 16:35:06 : Inserting entity with GID (0000000100000007).
28.5.2023. 16:35:06 : Inserting entity with GID (0000000200000004).
28.5.2023. 16:35:06 : Inserting entity with GID (0000000200000005).
28.5.2023. 16:35:06 : Inserting entity with GID (0000000200000006).
28.5.2023. 16:35:06 : Inserting entity with GID (0000000300000004).
28.5.2023. 16:35:06 : Inserting entity with GID (0000000300000005).
28.5.2023. 16:35:06 : Inserting entity with GID (0000000300000006).
28.5.2023. 16:35:06 : Inserting entity with GID (0000000400000004).
28.5.2023. 16:35:06 : Inserting entity with GID (0000000400000005).
28.5.2023. 16:35:06 : Inserting entity with GID (0000000400000006).
28.5.2023. 16:35:06 : Inserting entity with GID (0000000500000004).
28.5.2023. 16:35:06 : Inserting entity with GID (0000000500000005).
28.5.2023. 16:35:06 : Inserting entity with GID (0000000500000006).
28.5.2023. 16:35:06 : Inserting entity with GID (0000000600000002).
28.5.2023. 16:35:07 : The WCF service GenericDataAccess is ready.
28.5.2023. 16:35:07 : Endpoints:
28.5.2023. 16:35:07 : net.tcp://localhost:10000/NetworkModelService/GDA/
28.5.2023. 16:35:07 : Connection string: ../NetworkModelData.data
28.5.2023. 16:35:07 : Trace level: Info
28.5.2023. 16:35:07 : The Network Model Service is started.
28.5.2023. 16:35:07 : Press <Enter> to stop the service.
28.5.2023. 16:35:28 : Applying  delta to network model.
28.5.2023. 16:35:28 : Inserting entity with GID (0000000100000008).
28.5.2023. 16:35:28 : Inserting entity with GID (0000000100000009).
28.5.2023. 16:35:28 : Inserting entity with GID (000000010000000a).
28.5.2023. 16:35:28 : Inserting entity with GID (0000000200000007).
28.5.2023. 16:35:28 : Inserting entity with GID (0000000200000008).
28.5.2023. 16:35:28 : Inserting entity with GID (0000000200000009).
28.5.2023. 16:35:28 : Inserting entity with GID (0000000300000007).
28.5.2023. 16:35:28 : Inserting entity with GID (0000000300000008).
28.5.2023. 16:35:28 : Inserting entity with GID (0000000300000009).
28.5.2023. 16:35:28 : Inserting entity with GID (0000000400000007).
28.5.2023. 16:35:28 : Inserting entity with GID (0000000400000008).
28.5.2023. 16:35:28 : Inserting entity with GID (0000000400000009).
28.5.2023. 16:35:28 : Inserting entity with GID (0000000500000007).
28.5.2023. 16:35:28 : Inserting entity with GID (0000000500000008).
28.5.2023. 16:35:28 : Inserting entity with GID (0000000500000009).
28.5.2023. 16:35:28 : Inserting entity with GID (0000000600000003).
28.5.2023. 16:35:28 : Applying delta to network model successfully finished.
28.5.2023. 16:44:49 : Starting Network Model Serivice...
28.5.2023. 16:44:49 : Inserting entity with GID (0000000100000001).
28.5.2023. 16:44:49 : Unknown property id = 1517713074423922945 for entity (GID = 0x0000000100000001).
28.5.2023. 16:44:49 : Failed to insert entity (GID = 0x0000000100000001) into model. Unknown property id = 1517713074423922945 for entity (GID = 0x0000000100000001).
28.5.2023. 16:44:49 : Error while applying delta (id = 1) during service initialization. Failed to insert entity (GID = 0x0000000100000001) into model. Unknown property id = 1517713074423922945 for entity (GID = 0x0000000100000001).
28.5.2023. 16:44:49 : Inserting entity with GID (0000000100000002).
28.5.2023. 16:44:49 : Inserting entity with GID (0000000100000003).
28.5.2023. 16:44:49 : Inserting entity with GID (0000000100000004).
28.5.2023. 16:44:49 : Inserting entity with GID (0000000200000001).
28.5.2023. 16:44:49 : Inserting entity with GID (0000000200000002).
28.5.2023. 16:44:49 : Inserting entity with GID (0000000200000003).
28.5.2023. 16:44:49 : Inserting entity with GID (0000000300000001).
28.5.2023. 16:44:49 : Inserting entity with GID (0000000300000002).
28.5.2023. 16:44:49 : Inserting entity with GID (0000000300000003).
28.5.2023. 16:44:49 : Inserting entity with GID (0000000400000001).
28.5.2023. 16:44:49 : Inserting entity with GID (0000000400000002).
28.5.2023. 16:44:49 : Inserting entity with GID (0000000400000003).
28.5.2023. 16:44:49 : Inserting entity with GID (0000000500000001).
28.5.2023. 16:44:49 : Inserting entity with GID (0000000500000002).
28.5.2023. 16:44:49 : Inserting entity with GID (0000000500000003).
28.5.2023. 16:44:49 : Inserting entity with GID (0000000600000001).
28.5.2023. 16:44:49 : Inserting entity with GID (0000000100000005).
28.5.2023. 16:44:49 : Inserting entity with GID (0000000100000006).
28.5.2023. 16:44:49 : Inserting entity with GID (0000000100000007).
28.5.2023. 16:44:49 : Inserting entity with GID (0000000200000004).
28.5.2023. 16:44:49 : Inserting entity with GID (0000000200000005).
28.5.2023. 16:44:49 : Inserting entity with GID (0000000200000006).
28.5.2023. 16:44:49 : Inserting entity with GID (0000000300000004).
28.5.2023. 16:44:49 : Inserting entity with GID (0000000300000005).
28.5.2023. 16:44:49 : Inserting entity with GID (0000000300000006).
28.5.2023. 16:44:49 : Inserting entity with GID (0000000400000004).
28.5.2023. 16:44:49 : Inserting entity with GID (0000000400000005).
28.5.2023. 16:44:49 : Inserting entity with GID (0000000400000006).
28.5.2023. 16:44:49 : Inserting entity with GID (0000000500000004).
28.5.2023. 16:44:49 : Inserting entity with GID (0000000500000005).
28.5.2023. 16:44:49 : Inserting entity with GID (0000000500000006).
28.5.2023. 16:44:49 : Inserting entity with GID (0000000600000002).
28.5.2023. 16:44:49 : Inserting entity with GID (0000000100000008).
28.5.2023. 16:44:49 : Inserting entity with GID (0000000100000009).
28.5.2023. 16:44:49 : Inserting entity with GID (000000010000000a).
28.5.2023. 16:44:49 : Inserting entity with GID (0000000200000007).
28.5.2023. 16:44:49 : Inserting entity with GID (0000000200000008).
28.5.2023. 16:44:49 : Inserting entity with GID (0000000200000009).
28.5.2023. 16:44:49 : Inserting entity with GID (0000000300000007).
28.5.2023. 16:44:49 : Inserting entity with GID (0000000300000008).
28.5.2023. 16:44:49 : Inserting entity with GID (0000000300000009).
28.5.2023. 16:44:49 : Inserting entity with GID (0000000400000007).
28.5.2023. 16:44:49 : Inserting entity with GID (0000000400000008).
28.5.2023. 16:44:49 : Inserting entity with GID (0000000400000009).
28.5.2023. 16:44:49 : Inserting entity with GID (0000000500000007).
28.5.2023. 16:44:49 : Inserting entity with GID (0000000500000008).
28.5.2023. 16:44:49 : Inserting entity with GID (0000000500000009).
28.5.2023. 16:44:49 : Inserting entity with GID (0000000600000003).
28.5.2023. 16:44:50 : The WCF service GenericDataAccess is ready.
28.5.2023. 16:44:50 : Endpoints:
28.5.2023. 16:44:50 : net.tcp://localhost:10000/NetworkModelService/GDA/
28.5.2023. 16:44:50 : Connection string: ../NetworkModelData.data
28.5.2023. 16:44:50 : Trace level: Info
28.5.2023. 16:44:50 : The Network Model Service is started.
28.5.2023. 16:44:50 : Press <Enter> to stop the service.
28.5.2023. 16:50:44 : Starting Network Model Serivice...
28.5.2023. 16:50:44 : Inserting entity with GID (0000000100000001).
28.5.2023. 16:50:44 : Unknown property id = 1517713074423922945 for entity (GID = 0x0000000100000001).
28.5.2023. 16:50:44 : Failed to insert entity (GID = 0x0000000100000001) into model. Unknown property id = 1517713074423922945 for entity (GID = 0x0000000100000001).
28.5.2023. 16:50:44 : Error while applying delta (id = 1) during service initialization. Failed to insert entity (GID = 0x0000000100000001) into model. Unknown property id = 1517713074423922945 for entity (GID = 0x0000000100000001).
28.5.2023. 16:50:44 : Inserting entity with GID (0000000100000002).
28.5.2023. 16:50:44 : Inserting entity with GID (0000000100000003).
28.5.2023. 16:50:44 : Inserting entity with GID (0000000100000004).
28.5.2023. 16:50:44 : Inserting entity with GID (0000000200000001).
28.5.2023. 16:50:44 : Inserting entity with GID (0000000200000002).
28.5.2023. 16:50:44 : Inserting entity with GID (0000000200000003).
28.5.2023. 16:50:44 : Inserting entity with GID (0000000300000001).
28.5.2023. 16:50:44 : Inserting entity with GID (0000000300000002).
28.5.2023. 16:50:44 : Inserting entity with GID (0000000300000003).
28.5.2023. 16:50:44 : Inserting entity with GID (0000000400000001).
28.5.2023. 16:50:44 : Inserting entity with GID (0000000400000002).
28.5.2023. 16:50:44 : Inserting entity with GID (0000000400000003).
28.5.2023. 16:50:44 : Inserting entity with GID (0000000500000001).
28.5.2023. 16:50:44 : Inserting entity with GID (0000000500000002).
28.5.2023. 16:50:44 : Inserting entity with GID (0000000500000003).
28.5.2023. 16:50:44 : Inserting entity with GID (0000000600000001).
28.5.2023. 16:50:44 : Inserting entity with GID (0000000100000005).
28.5.2023. 16:50:44 : Inserting entity with GID (0000000100000006).
28.5.2023. 16:50:44 : Inserting entity with GID (0000000100000007).
28.5.2023. 16:50:44 : Inserting entity with GID (0000000200000004).
28.5.2023. 16:50:44 : Inserting entity with GID (0000000200000005).
28.5.2023. 16:50:44 : Inserting entity with GID (0000000200000006).
28.5.2023. 16:50:44 : Inserting entity with GID (0000000300000004).
28.5.2023. 16:50:44 : Inserting entity with GID (0000000300000005).
28.5.2023. 16:50:44 : Inserting entity with GID (0000000300000006).
28.5.2023. 16:50:44 : Inserting entity with GID (0000000400000004).
28.5.2023. 16:50:44 : Inserting entity with GID (0000000400000005).
28.5.2023. 16:50:44 : Inserting entity with GID (0000000400000006).
28.5.2023. 16:50:44 : Inserting entity with GID (0000000500000004).
28.5.2023. 16:50:44 : Inserting entity with GID (0000000500000005).
28.5.2023. 16:50:44 : Inserting entity with GID (0000000500000006).
28.5.2023. 16:50:44 : Inserting entity with GID (0000000600000002).
28.5.2023. 16:50:44 : Inserting entity with GID (0000000100000008).
28.5.2023. 16:50:44 : Inserting entity with GID (0000000100000009).
28.5.2023. 16:50:44 : Inserting entity with GID (000000010000000a).
28.5.2023. 16:50:44 : Inserting entity with GID (0000000200000007).
28.5.2023. 16:50:44 : Inserting entity with GID (0000000200000008).
28.5.2023. 16:50:44 : Inserting entity with GID (0000000200000009).
28.5.2023. 16:50:44 : Inserting entity with GID (0000000300000007).
28.5.2023. 16:50:44 : Inserting entity with GID (0000000300000008).
28.5.2023. 16:50:44 : Inserting entity with GID (0000000300000009).
28.5.2023. 16:50:44 : Inserting entity with GID (0000000400000007).
28.5.2023. 16:50:44 : Inserting entity with GID (0000000400000008).
28.5.2023. 16:50:44 : Inserting entity with GID (0000000400000009).
28.5.2023. 16:50:44 : Inserting entity with GID (0000000500000007).
28.5.2023. 16:50:44 : Inserting entity with GID (0000000500000008).
28.5.2023. 16:50:44 : Inserting entity with GID (0000000500000009).
28.5.2023. 16:50:44 : Inserting entity with GID (0000000600000003).
28.5.2023. 16:50:45 : The WCF service GenericDataAccess is ready.
28.5.2023. 16:50:45 : Endpoints:
28.5.2023. 16:50:45 : net.tcp://localhost:10000/NetworkModelService/GDA/
28.5.2023. 16:50:45 : Connection string: ../NetworkModelData.data
28.5.2023. 16:50:45 : Trace level: Info
28.5.2023. 16:50:45 : The Network Model Service is started.
28.5.2023. 16:50:45 : Press <Enter> to stop the service.
28.5.2023. 16:57:23 : Starting Network Model Serivice...
28.5.2023. 16:57:23 : Inserting entity with GID (0000000100000001).
28.5.2023. 16:57:23 : Unknown property id = 1517713074423922945 for entity (GID = 0x0000000100000001).
28.5.2023. 16:57:23 : Failed to insert entity (GID = 0x0000000100000001) into model. Unknown property id = 1517713074423922945 for entity (GID = 0x0000000100000001).
28.5.2023. 16:57:23 : Error while applying delta (id = 1) during service initialization. Failed to insert entity (GID = 0x0000000100000001) into model. Unknown property id = 1517713074423922945 for entity (GID = 0x0000000100000001).
28.5.2023. 16:57:23 : Inserting entity with GID (0000000100000002).
28.5.2023. 16:57:23 : Inserting entity with GID (0000000100000003).
28.5.2023. 16:57:23 : Inserting entity with GID (0000000100000004).
28.5.2023. 16:57:23 : Inserting entity with GID (0000000200000001).
28.5.2023. 16:57:23 : Inserting entity with GID (0000000200000002).
28.5.2023. 16:57:23 : Inserting entity with GID (0000000200000003).
28.5.2023. 16:57:23 : Inserting entity with GID (0000000300000001).
28.5.2023. 16:57:23 : Inserting entity with GID (0000000300000002).
28.5.2023. 16:57:23 : Inserting entity with GID (0000000300000003).
28.5.2023. 16:57:23 : Inserting entity with GID (0000000400000001).
28.5.2023. 16:57:23 : Inserting entity with GID (0000000400000002).
28.5.2023. 16:57:23 : Inserting entity with GID (0000000400000003).
28.5.2023. 16:57:23 : Inserting entity with GID (0000000500000001).
28.5.2023. 16:57:23 : Inserting entity with GID (0000000500000002).
28.5.2023. 16:57:23 : Inserting entity with GID (0000000500000003).
28.5.2023. 16:57:23 : Inserting entity with GID (0000000600000001).
28.5.2023. 16:57:23 : Inserting entity with GID (0000000100000005).
28.5.2023. 16:57:23 : Inserting entity with GID (0000000100000006).
28.5.2023. 16:57:23 : Inserting entity with GID (0000000100000007).
28.5.2023. 16:57:23 : Inserting entity with GID (0000000200000004).
28.5.2023. 16:57:23 : Inserting entity with GID (0000000200000005).
28.5.2023. 16:57:23 : Inserting entity with GID (0000000200000006).
28.5.2023. 16:57:23 : Inserting entity with GID (0000000300000004).
28.5.2023. 16:57:23 : Inserting entity with GID (0000000300000005).
28.5.2023. 16:57:23 : Inserting entity with GID (0000000300000006).
28.5.2023. 16:57:23 : Inserting entity with GID (0000000400000004).
28.5.2023. 16:57:23 : Inserting entity with GID (0000000400000005).
28.5.2023. 16:57:23 : Inserting entity with GID (0000000400000006).
28.5.2023. 16:57:23 : Inserting entity with GID (0000000500000004).
28.5.2023. 16:57:23 : Inserting entity with GID (0000000500000005).
28.5.2023. 16:57:23 : Inserting entity with GID (0000000500000006).
28.5.2023. 16:57:23 : Inserting entity with GID (0000000600000002).
28.5.2023. 16:57:23 : Inserting entity with GID (0000000100000008).
28.5.2023. 16:57:23 : Inserting entity with GID (0000000100000009).
28.5.2023. 16:57:23 : Inserting entity with GID (000000010000000a).
28.5.2023. 16:57:23 : Inserting entity with GID (0000000200000007).
28.5.2023. 16:57:23 : Inserting entity with GID (0000000200000008).
28.5.2023. 16:57:23 : Inserting entity with GID (0000000200000009).
28.5.2023. 16:57:23 : Inserting entity with GID (0000000300000007).
28.5.2023. 16:57:23 : Inserting entity with GID (0000000300000008).
28.5.2023. 16:57:23 : Inserting entity with GID (0000000300000009).
28.5.2023. 16:57:23 : Inserting entity with GID (0000000400000007).
28.5.2023. 16:57:23 : Inserting entity with GID (0000000400000008).
28.5.2023. 16:57:23 : Inserting entity with GID (0000000400000009).
28.5.2023. 16:57:23 : Inserting entity with GID (0000000500000007).
28.5.2023. 16:57:23 : Inserting entity with GID (0000000500000008).
28.5.2023. 16:57:23 : Inserting entity with GID (0000000500000009).
28.5.2023. 16:57:23 : Inserting entity with GID (0000000600000003).
28.5.2023. 16:57:24 : The WCF service GenericDataAccess is ready.
28.5.2023. 16:57:24 : Endpoints:
28.5.2023. 16:57:24 : net.tcp://localhost:10000/NetworkModelService/GDA/
28.5.2023. 16:57:24 : Connection string: ../NetworkModelData.data
28.5.2023. 16:57:24 : Trace level: Info
28.5.2023. 16:57:24 : The Network Model Service is started.
28.5.2023. 16:57:24 : Press <Enter> to stop the service.
28.5.2023. 17:21:27 : Starting Network Model Serivice...
28.5.2023. 17:21:28 : Inserting entity with GID (0000000100000001).
28.5.2023. 17:21:28 : Unknown property id = 1517713074423922945 for entity (GID = 0x0000000100000001).
28.5.2023. 17:21:28 : Failed to insert entity (GID = 0x0000000100000001) into model. Unknown property id = 1517713074423922945 for entity (GID = 0x0000000100000001).
28.5.2023. 17:21:28 : Error while applying delta (id = 1) during service initialization. Failed to insert entity (GID = 0x0000000100000001) into model. Unknown property id = 1517713074423922945 for entity (GID = 0x0000000100000001).
28.5.2023. 17:21:28 : Inserting entity with GID (0000000100000002).
28.5.2023. 17:21:28 : Inserting entity with GID (0000000100000003).
28.5.2023. 17:21:28 : Inserting entity with GID (0000000100000004).
28.5.2023. 17:21:28 : Inserting entity with GID (0000000200000001).
28.5.2023. 17:21:28 : Inserting entity with GID (0000000200000002).
28.5.2023. 17:21:28 : Inserting entity with GID (0000000200000003).
28.5.2023. 17:21:28 : Inserting entity with GID (0000000300000001).
28.5.2023. 17:21:28 : Inserting entity with GID (0000000300000002).
28.5.2023. 17:21:28 : Inserting entity with GID (0000000300000003).
28.5.2023. 17:21:28 : Inserting entity with GID (0000000400000001).
28.5.2023. 17:21:28 : Inserting entity with GID (0000000400000002).
28.5.2023. 17:21:28 : Inserting entity with GID (0000000400000003).
28.5.2023. 17:21:28 : Inserting entity with GID (0000000500000001).
28.5.2023. 17:21:28 : Inserting entity with GID (0000000500000002).
28.5.2023. 17:21:28 : Inserting entity with GID (0000000500000003).
28.5.2023. 17:21:28 : Inserting entity with GID (0000000600000001).
28.5.2023. 17:21:28 : Inserting entity with GID (0000000100000005).
28.5.2023. 17:21:28 : Inserting entity with GID (0000000100000006).
28.5.2023. 17:21:28 : Inserting entity with GID (0000000100000007).
28.5.2023. 17:21:28 : Inserting entity with GID (0000000200000004).
28.5.2023. 17:21:28 : Inserting entity with GID (0000000200000005).
28.5.2023. 17:21:28 : Inserting entity with GID (0000000200000006).
28.5.2023. 17:21:28 : Inserting entity with GID (0000000300000004).
28.5.2023. 17:21:28 : Inserting entity with GID (0000000300000005).
28.5.2023. 17:21:28 : Inserting entity with GID (0000000300000006).
28.5.2023. 17:21:28 : Inserting entity with GID (0000000400000004).
28.5.2023. 17:21:28 : Inserting entity with GID (0000000400000005).
28.5.2023. 17:21:28 : Inserting entity with GID (0000000400000006).
28.5.2023. 17:21:28 : Inserting entity with GID (0000000500000004).
28.5.2023. 17:21:28 : Inserting entity with GID (0000000500000005).
28.5.2023. 17:21:28 : Inserting entity with GID (0000000500000006).
28.5.2023. 17:21:28 : Inserting entity with GID (0000000600000002).
28.5.2023. 17:21:28 : Inserting entity with GID (0000000100000008).
28.5.2023. 17:21:28 : Inserting entity with GID (0000000100000009).
28.5.2023. 17:21:28 : Inserting entity with GID (000000010000000a).
28.5.2023. 17:21:28 : Inserting entity with GID (0000000200000007).
28.5.2023. 17:21:28 : Inserting entity with GID (0000000200000008).
28.5.2023. 17:21:28 : Inserting entity with GID (0000000200000009).
28.5.2023. 17:21:28 : Inserting entity with GID (0000000300000007).
28.5.2023. 17:21:28 : Inserting entity with GID (0000000300000008).
28.5.2023. 17:21:28 : Inserting entity with GID (0000000300000009).
28.5.2023. 17:21:28 : Inserting entity with GID (0000000400000007).
28.5.2023. 17:21:28 : Inserting entity with GID (0000000400000008).
28.5.2023. 17:21:28 : Inserting entity with GID (0000000400000009).
28.5.2023. 17:21:28 : Inserting entity with GID (0000000500000007).
28.5.2023. 17:21:28 : Inserting entity with GID (0000000500000008).
28.5.2023. 17:21:28 : Inserting entity with GID (0000000500000009).
28.5.2023. 17:21:28 : Inserting entity with GID (0000000600000003).
28.5.2023. 17:21:29 : The WCF service GenericDataAccess is ready.
28.5.2023. 17:21:29 : Endpoints:
28.5.2023. 17:21:29 : net.tcp://localhost:10000/NetworkModelService/GDA/
28.5.2023. 17:21:29 : Connection string: ../NetworkModelData.data
28.5.2023. 17:21:29 : Trace level: Info
28.5.2023. 17:21:29 : The Network Model Service is started.
28.5.2023. 17:21:29 : Press <Enter> to stop the service.
28.5.2023. 17:28:37 : Starting Network Model Serivice...
28.5.2023. 17:28:37 : Inserting entity with GID (0000000100000001).
28.5.2023. 17:28:37 : Unknown property id = 1517713074423922945 for entity (GID = 0x0000000100000001).
28.5.2023. 17:28:37 : Failed to insert entity (GID = 0x0000000100000001) into model. Unknown property id = 1517713074423922945 for entity (GID = 0x0000000100000001).
28.5.2023. 17:28:37 : Error while applying delta (id = 1) during service initialization. Failed to insert entity (GID = 0x0000000100000001) into model. Unknown property id = 1517713074423922945 for entity (GID = 0x0000000100000001).
28.5.2023. 17:28:37 : Inserting entity with GID (0000000100000002).
28.5.2023. 17:28:37 : Inserting entity with GID (0000000100000003).
28.5.2023. 17:28:37 : Inserting entity with GID (0000000100000004).
28.5.2023. 17:28:37 : Inserting entity with GID (0000000200000001).
28.5.2023. 17:28:37 : Inserting entity with GID (0000000200000002).
28.5.2023. 17:28:37 : Inserting entity with GID (0000000200000003).
28.5.2023. 17:28:37 : Inserting entity with GID (0000000300000001).
28.5.2023. 17:28:37 : Inserting entity with GID (0000000300000002).
28.5.2023. 17:28:37 : Inserting entity with GID (0000000300000003).
28.5.2023. 17:28:37 : Inserting entity with GID (0000000400000001).
28.5.2023. 17:28:37 : Inserting entity with GID (0000000400000002).
28.5.2023. 17:28:37 : Inserting entity with GID (0000000400000003).
28.5.2023. 17:28:37 : Inserting entity with GID (0000000500000001).
28.5.2023. 17:28:37 : Inserting entity with GID (0000000500000002).
28.5.2023. 17:28:37 : Inserting entity with GID (0000000500000003).
28.5.2023. 17:28:37 : Inserting entity with GID (0000000600000001).
28.5.2023. 17:28:37 : Inserting entity with GID (0000000100000005).
28.5.2023. 17:28:37 : Inserting entity with GID (0000000100000006).
28.5.2023. 17:28:37 : Inserting entity with GID (0000000100000007).
28.5.2023. 17:28:37 : Inserting entity with GID (0000000200000004).
28.5.2023. 17:28:37 : Inserting entity with GID (0000000200000005).
28.5.2023. 17:28:37 : Inserting entity with GID (0000000200000006).
28.5.2023. 17:28:37 : Inserting entity with GID (0000000300000004).
28.5.2023. 17:28:37 : Inserting entity with GID (0000000300000005).
28.5.2023. 17:28:37 : Inserting entity with GID (0000000300000006).
28.5.2023. 17:28:37 : Inserting entity with GID (0000000400000004).
28.5.2023. 17:28:37 : Inserting entity with GID (0000000400000005).
28.5.2023. 17:28:37 : Inserting entity with GID (0000000400000006).
28.5.2023. 17:28:37 : Inserting entity with GID (0000000500000004).
28.5.2023. 17:28:37 : Inserting entity with GID (0000000500000005).
28.5.2023. 17:28:37 : Inserting entity with GID (0000000500000006).
28.5.2023. 17:28:37 : Inserting entity with GID (0000000600000002).
28.5.2023. 17:28:37 : Inserting entity with GID (0000000100000008).
28.5.2023. 17:28:37 : Inserting entity with GID (0000000100000009).
28.5.2023. 17:28:37 : Inserting entity with GID (000000010000000a).
28.5.2023. 17:28:37 : Inserting entity with GID (0000000200000007).
28.5.2023. 17:28:37 : Inserting entity with GID (0000000200000008).
28.5.2023. 17:28:37 : Inserting entity with GID (0000000200000009).
28.5.2023. 17:28:37 : Inserting entity with GID (0000000300000007).
28.5.2023. 17:28:37 : Inserting entity with GID (0000000300000008).
28.5.2023. 17:28:37 : Inserting entity with GID (0000000300000009).
28.5.2023. 17:28:37 : Inserting entity with GID (0000000400000007).
28.5.2023. 17:28:37 : Inserting entity with GID (0000000400000008).
28.5.2023. 17:28:37 : Inserting entity with GID (0000000400000009).
28.5.2023. 17:28:37 : Inserting entity with GID (0000000500000007).
28.5.2023. 17:28:37 : Inserting entity with GID (0000000500000008).
28.5.2023. 17:28:37 : Inserting entity with GID (0000000500000009).
28.5.2023. 17:28:37 : Inserting entity with GID (0000000600000003).
28.5.2023. 17:28:38 : The WCF service GenericDataAccess is ready.
28.5.2023. 17:28:38 : Endpoints:
28.5.2023. 17:28:38 : net.tcp://localhost:10000/NetworkModelService/GDA/
28.5.2023. 17:28:38 : Connection string: ../NetworkModelData.data
28.5.2023. 17:28:38 : Trace level: Info
28.5.2023. 17:28:38 : The Network Model Service is started.
28.5.2023. 17:28:38 : Press <Enter> to stop the service.
28.5.2023. 17:32:54 : Starting Network Model Serivice...
28.5.2023. 17:32:54 : Inserting entity with GID (0000000100000001).
28.5.2023. 17:32:54 : Unknown property id = 1517713074423922945 for entity (GID = 0x0000000100000001).
28.5.2023. 17:32:54 : Failed to insert entity (GID = 0x0000000100000001) into model. Unknown property id = 1517713074423922945 for entity (GID = 0x0000000100000001).
28.5.2023. 17:32:54 : Error while applying delta (id = 1) during service initialization. Failed to insert entity (GID = 0x0000000100000001) into model. Unknown property id = 1517713074423922945 for entity (GID = 0x0000000100000001).
28.5.2023. 17:32:54 : Inserting entity with GID (0000000100000002).
28.5.2023. 17:32:54 : Inserting entity with GID (0000000100000003).
28.5.2023. 17:32:54 : Inserting entity with GID (0000000100000004).
28.5.2023. 17:32:54 : Inserting entity with GID (0000000200000001).
28.5.2023. 17:32:54 : Inserting entity with GID (0000000200000002).
28.5.2023. 17:32:54 : Inserting entity with GID (0000000200000003).
28.5.2023. 17:32:54 : Inserting entity with GID (0000000300000001).
28.5.2023. 17:32:54 : Inserting entity with GID (0000000300000002).
28.5.2023. 17:32:54 : Inserting entity with GID (0000000300000003).
28.5.2023. 17:32:54 : Inserting entity with GID (0000000400000001).
28.5.2023. 17:32:54 : Inserting entity with GID (0000000400000002).
28.5.2023. 17:32:54 : Inserting entity with GID (0000000400000003).
28.5.2023. 17:32:54 : Inserting entity with GID (0000000500000001).
28.5.2023. 17:32:54 : Inserting entity with GID (0000000500000002).
28.5.2023. 17:32:54 : Inserting entity with GID (0000000500000003).
28.5.2023. 17:32:54 : Inserting entity with GID (0000000600000001).
28.5.2023. 17:32:54 : Inserting entity with GID (0000000100000005).
28.5.2023. 17:32:54 : Inserting entity with GID (0000000100000006).
28.5.2023. 17:32:54 : Inserting entity with GID (0000000100000007).
28.5.2023. 17:32:54 : Inserting entity with GID (0000000200000004).
28.5.2023. 17:32:54 : Inserting entity with GID (0000000200000005).
28.5.2023. 17:32:54 : Inserting entity with GID (0000000200000006).
28.5.2023. 17:32:54 : Inserting entity with GID (0000000300000004).
28.5.2023. 17:32:54 : Inserting entity with GID (0000000300000005).
28.5.2023. 17:32:54 : Inserting entity with GID (0000000300000006).
28.5.2023. 17:32:54 : Inserting entity with GID (0000000400000004).
28.5.2023. 17:32:54 : Inserting entity with GID (0000000400000005).
28.5.2023. 17:32:54 : Inserting entity with GID (0000000400000006).
28.5.2023. 17:32:54 : Inserting entity with GID (0000000500000004).
28.5.2023. 17:32:54 : Inserting entity with GID (0000000500000005).
28.5.2023. 17:32:54 : Inserting entity with GID (0000000500000006).
28.5.2023. 17:32:54 : Inserting entity with GID (0000000600000002).
28.5.2023. 17:32:54 : Inserting entity with GID (0000000100000008).
28.5.2023. 17:32:54 : Inserting entity with GID (0000000100000009).
28.5.2023. 17:32:54 : Inserting entity with GID (000000010000000a).
28.5.2023. 17:32:54 : Inserting entity with GID (0000000200000007).
28.5.2023. 17:32:54 : Inserting entity with GID (0000000200000008).
28.5.2023. 17:32:54 : Inserting entity with GID (0000000200000009).
28.5.2023. 17:32:54 : Inserting entity with GID (0000000300000007).
28.5.2023. 17:32:54 : Inserting entity with GID (0000000300000008).
28.5.2023. 17:32:54 : Inserting entity with GID (0000000300000009).
28.5.2023. 17:32:54 : Inserting entity with GID (0000000400000007).
28.5.2023. 17:32:54 : Inserting entity with GID (0000000400000008).
28.5.2023. 17:32:54 : Inserting entity with GID (0000000400000009).
28.5.2023. 17:32:54 : Inserting entity with GID (0000000500000007).
28.5.2023. 17:32:54 : Inserting entity with GID (0000000500000008).
28.5.2023. 17:32:54 : Inserting entity with GID (0000000500000009).
28.5.2023. 17:32:54 : Inserting entity with GID (0000000600000003).
28.5.2023. 17:32:55 : The WCF service GenericDataAccess is ready.
28.5.2023. 17:32:55 : Endpoints:
28.5.2023. 17:32:55 : net.tcp://localhost:10000/NetworkModelService/GDA/
28.5.2023. 17:32:55 : Connection string: ../NetworkModelData.data
28.5.2023. 17:32:55 : Trace level: Info
28.5.2023. 17:32:55 : The Network Model Service is started.
28.5.2023. 17:32:55 : Press <Enter> to stop the service.
28.5.2023. 17:37:51 : Starting Network Model Serivice...
28.5.2023. 17:37:51 : Inserting entity with GID (0000000100000001).
28.5.2023. 17:37:51 : Unknown property id = 1517713074423922945 for entity (GID = 0x0000000100000001).
28.5.2023. 17:37:52 : Failed to insert entity (GID = 0x0000000100000001) into model. Unknown property id = 1517713074423922945 for entity (GID = 0x0000000100000001).
28.5.2023. 17:37:52 : Error while applying delta (id = 1) during service initialization. Failed to insert entity (GID = 0x0000000100000001) into model. Unknown property id = 1517713074423922945 for entity (GID = 0x0000000100000001).
28.5.2023. 17:37:52 : Inserting entity with GID (0000000100000002).
28.5.2023. 17:37:52 : Inserting entity with GID (0000000100000003).
28.5.2023. 17:37:52 : Inserting entity with GID (0000000100000004).
28.5.2023. 17:37:52 : Inserting entity with GID (0000000200000001).
28.5.2023. 17:37:52 : Inserting entity with GID (0000000200000002).
28.5.2023. 17:37:52 : Inserting entity with GID (0000000200000003).
28.5.2023. 17:37:52 : Inserting entity with GID (0000000300000001).
28.5.2023. 17:37:52 : Inserting entity with GID (0000000300000002).
28.5.2023. 17:37:52 : Inserting entity with GID (0000000300000003).
28.5.2023. 17:37:52 : Inserting entity with GID (0000000400000001).
28.5.2023. 17:37:52 : Inserting entity with GID (0000000400000002).
28.5.2023. 17:37:52 : Inserting entity with GID (0000000400000003).
28.5.2023. 17:37:52 : Inserting entity with GID (0000000500000001).
28.5.2023. 17:37:52 : Inserting entity with GID (0000000500000002).
28.5.2023. 17:37:52 : Inserting entity with GID (0000000500000003).
28.5.2023. 17:37:52 : Inserting entity with GID (0000000600000001).
28.5.2023. 17:37:52 : Inserting entity with GID (0000000100000005).
28.5.2023. 17:37:52 : Inserting entity with GID (0000000100000006).
28.5.2023. 17:37:52 : Inserting entity with GID (0000000100000007).
28.5.2023. 17:37:52 : Inserting entity with GID (0000000200000004).
28.5.2023. 17:37:52 : Inserting entity with GID (0000000200000005).
28.5.2023. 17:37:52 : Inserting entity with GID (0000000200000006).
28.5.2023. 17:37:52 : Inserting entity with GID (0000000300000004).
28.5.2023. 17:37:52 : Inserting entity with GID (0000000300000005).
28.5.2023. 17:37:52 : Inserting entity with GID (0000000300000006).
28.5.2023. 17:37:52 : Inserting entity with GID (0000000400000004).
28.5.2023. 17:37:52 : Inserting entity with GID (0000000400000005).
28.5.2023. 17:37:52 : Inserting entity with GID (0000000400000006).
28.5.2023. 17:37:52 : Inserting entity with GID (0000000500000004).
28.5.2023. 17:37:52 : Inserting entity with GID (0000000500000005).
28.5.2023. 17:37:52 : Inserting entity with GID (0000000500000006).
28.5.2023. 17:37:52 : Inserting entity with GID (0000000600000002).
28.5.2023. 17:37:52 : Inserting entity with GID (0000000100000008).
28.5.2023. 17:37:52 : Inserting entity with GID (0000000100000009).
28.5.2023. 17:37:52 : Inserting entity with GID (000000010000000a).
28.5.2023. 17:37:52 : Inserting entity with GID (0000000200000007).
28.5.2023. 17:37:52 : Inserting entity with GID (0000000200000008).
28.5.2023. 17:37:52 : Inserting entity with GID (0000000200000009).
28.5.2023. 17:37:52 : Inserting entity with GID (0000000300000007).
28.5.2023. 17:37:52 : Inserting entity with GID (0000000300000008).
28.5.2023. 17:37:52 : Inserting entity with GID (0000000300000009).
28.5.2023. 17:37:52 : Inserting entity with GID (0000000400000007).
28.5.2023. 17:37:52 : Inserting entity with GID (0000000400000008).
28.5.2023. 17:37:52 : Inserting entity with GID (0000000400000009).
28.5.2023. 17:37:52 : Inserting entity with GID (0000000500000007).
28.5.2023. 17:37:52 : Inserting entity with GID (0000000500000008).
28.5.2023. 17:37:52 : Inserting entity with GID (0000000500000009).
28.5.2023. 17:37:52 : Inserting entity with GID (0000000600000003).
28.5.2023. 17:37:52 : The WCF service GenericDataAccess is ready.
28.5.2023. 17:37:52 : Endpoints:
28.5.2023. 17:37:52 : net.tcp://localhost:10000/NetworkModelService/GDA/
28.5.2023. 17:37:52 : Connection string: ../NetworkModelData.data
28.5.2023. 17:37:52 : Trace level: Info
28.5.2023. 17:37:52 : The Network Model Service is started.
28.5.2023. 17:37:52 : Press <Enter> to stop the service.
28.5.2023. 19:21:35 : Starting Network Model Serivice...
28.5.2023. 19:21:36 : Inserting entity with GID (0000000100000001).
28.5.2023. 19:21:36 : Unknown property id = 1517713074423922945 for entity (GID = 0x0000000100000001).
28.5.2023. 19:21:36 : Failed to insert entity (GID = 0x0000000100000001) into model. Unknown property id = 1517713074423922945 for entity (GID = 0x0000000100000001).
28.5.2023. 19:21:36 : Error while applying delta (id = 1) during service initialization. Failed to insert entity (GID = 0x0000000100000001) into model. Unknown property id = 1517713074423922945 for entity (GID = 0x0000000100000001).
28.5.2023. 19:21:36 : Inserting entity with GID (0000000100000002).
28.5.2023. 19:21:36 : Inserting entity with GID (0000000100000003).
28.5.2023. 19:21:36 : Inserting entity with GID (0000000100000004).
28.5.2023. 19:21:36 : Inserting entity with GID (0000000200000001).
28.5.2023. 19:21:36 : Inserting entity with GID (0000000200000002).
28.5.2023. 19:21:36 : Inserting entity with GID (0000000200000003).
28.5.2023. 19:21:36 : Inserting entity with GID (0000000300000001).
28.5.2023. 19:21:36 : Inserting entity with GID (0000000300000002).
28.5.2023. 19:21:36 : Inserting entity with GID (0000000300000003).
28.5.2023. 19:21:36 : Inserting entity with GID (0000000400000001).
28.5.2023. 19:21:36 : Inserting entity with GID (0000000400000002).
28.5.2023. 19:21:36 : Inserting entity with GID (0000000400000003).
28.5.2023. 19:21:36 : Inserting entity with GID (0000000500000001).
28.5.2023. 19:21:36 : Inserting entity with GID (0000000500000002).
28.5.2023. 19:21:36 : Inserting entity with GID (0000000500000003).
28.5.2023. 19:21:36 : Inserting entity with GID (0000000600000001).
28.5.2023. 19:21:36 : Inserting entity with GID (0000000100000005).
28.5.2023. 19:21:36 : Inserting entity with GID (0000000100000006).
28.5.2023. 19:21:36 : Inserting entity with GID (0000000100000007).
28.5.2023. 19:21:36 : Inserting entity with GID (0000000200000004).
28.5.2023. 19:21:36 : Inserting entity with GID (0000000200000005).
28.5.2023. 19:21:36 : Inserting entity with GID (0000000200000006).
28.5.2023. 19:21:36 : Inserting entity with GID (0000000300000004).
28.5.2023. 19:21:36 : Inserting entity with GID (0000000300000005).
28.5.2023. 19:21:36 : Inserting entity with GID (0000000300000006).
28.5.2023. 19:21:36 : Inserting entity with GID (0000000400000004).
28.5.2023. 19:21:36 : Inserting entity with GID (0000000400000005).
28.5.2023. 19:21:36 : Inserting entity with GID (0000000400000006).
28.5.2023. 19:21:36 : Inserting entity with GID (0000000500000004).
28.5.2023. 19:21:36 : Inserting entity with GID (0000000500000005).
28.5.2023. 19:21:36 : Inserting entity with GID (0000000500000006).
28.5.2023. 19:21:36 : Inserting entity with GID (0000000600000002).
28.5.2023. 19:21:36 : Inserting entity with GID (0000000100000008).
28.5.2023. 19:21:36 : Inserting entity with GID (0000000100000009).
28.5.2023. 19:21:36 : Inserting entity with GID (000000010000000a).
28.5.2023. 19:21:36 : Inserting entity with GID (0000000200000007).
28.5.2023. 19:21:36 : Inserting entity with GID (0000000200000008).
28.5.2023. 19:21:36 : Inserting entity with GID (0000000200000009).
28.5.2023. 19:21:36 : Inserting entity with GID (0000000300000007).
28.5.2023. 19:21:36 : Inserting entity with GID (0000000300000008).
28.5.2023. 19:21:36 : Inserting entity with GID (0000000300000009).
28.5.2023. 19:21:36 : Inserting entity with GID (0000000400000007).
28.5.2023. 19:21:36 : Inserting entity with GID (0000000400000008).
28.5.2023. 19:21:36 : Inserting entity with GID (0000000400000009).
28.5.2023. 19:21:36 : Inserting entity with GID (0000000500000007).
28.5.2023. 19:21:36 : Inserting entity with GID (0000000500000008).
28.5.2023. 19:21:36 : Inserting entity with GID (0000000500000009).
28.5.2023. 19:21:36 : Inserting entity with GID (0000000600000003).
28.5.2023. 19:21:37 : The WCF service GenericDataAccess is ready.
28.5.2023. 19:21:37 : Endpoints:
28.5.2023. 19:21:37 : net.tcp://localhost:10000/NetworkModelService/GDA/
28.5.2023. 19:21:37 : Connection string: ../NetworkModelData.data
28.5.2023. 19:21:37 : Trace level: Info
28.5.2023. 19:21:37 : The Network Model Service is started.
28.5.2023. 19:21:37 : Press <Enter> to stop the service.
28.5.2023. 19:48:28 : Starting Network Model Serivice...
28.5.2023. 19:48:28 : Inserting entity with GID (0000000100000001).
28.5.2023. 19:48:28 : Unknown property id = 1517713074423922945 for entity (GID = 0x0000000100000001).
28.5.2023. 19:48:28 : Failed to insert entity (GID = 0x0000000100000001) into model. Unknown property id = 1517713074423922945 for entity (GID = 0x0000000100000001).
28.5.2023. 19:48:28 : Error while applying delta (id = 1) during service initialization. Failed to insert entity (GID = 0x0000000100000001) into model. Unknown property id = 1517713074423922945 for entity (GID = 0x0000000100000001).
28.5.2023. 19:48:28 : Inserting entity with GID (0000000100000002).
28.5.2023. 19:48:28 : Inserting entity with GID (0000000100000003).
28.5.2023. 19:48:28 : Inserting entity with GID (0000000100000004).
28.5.2023. 19:48:28 : Inserting entity with GID (0000000200000001).
28.5.2023. 19:48:28 : Inserting entity with GID (0000000200000002).
28.5.2023. 19:48:28 : Inserting entity with GID (0000000200000003).
28.5.2023. 19:48:28 : Inserting entity with GID (0000000300000001).
28.5.2023. 19:48:28 : Inserting entity with GID (0000000300000002).
28.5.2023. 19:48:28 : Inserting entity with GID (0000000300000003).
28.5.2023. 19:48:28 : Inserting entity with GID (0000000400000001).
28.5.2023. 19:48:28 : Inserting entity with GID (0000000400000002).
28.5.2023. 19:48:28 : Inserting entity with GID (0000000400000003).
28.5.2023. 19:48:28 : Inserting entity with GID (0000000500000001).
28.5.2023. 19:48:28 : Inserting entity with GID (0000000500000002).
28.5.2023. 19:48:28 : Inserting entity with GID (0000000500000003).
28.5.2023. 19:48:28 : Inserting entity with GID (0000000600000001).
28.5.2023. 19:48:28 : Inserting entity with GID (0000000100000005).
28.5.2023. 19:48:28 : Inserting entity with GID (0000000100000006).
28.5.2023. 19:48:28 : Inserting entity with GID (0000000100000007).
28.5.2023. 19:48:28 : Inserting entity with GID (0000000200000004).
28.5.2023. 19:48:28 : Inserting entity with GID (0000000200000005).
28.5.2023. 19:48:28 : Inserting entity with GID (0000000200000006).
28.5.2023. 19:48:28 : Inserting entity with GID (0000000300000004).
28.5.2023. 19:48:28 : Inserting entity with GID (0000000300000005).
28.5.2023. 19:48:28 : Inserting entity with GID (0000000300000006).
28.5.2023. 19:48:28 : Inserting entity with GID (0000000400000004).
28.5.2023. 19:48:28 : Inserting entity with GID (0000000400000005).
28.5.2023. 19:48:28 : Inserting entity with GID (0000000400000006).
28.5.2023. 19:48:28 : Inserting entity with GID (0000000500000004).
28.5.2023. 19:48:28 : Inserting entity with GID (0000000500000005).
28.5.2023. 19:48:28 : Inserting entity with GID (0000000500000006).
28.5.2023. 19:48:28 : Inserting entity with GID (0000000600000002).
28.5.2023. 19:48:28 : Inserting entity with GID (0000000100000008).
28.5.2023. 19:48:28 : Inserting entity with GID (0000000100000009).
28.5.2023. 19:48:28 : Inserting entity with GID (000000010000000a).
28.5.2023. 19:48:28 : Inserting entity with GID (0000000200000007).
28.5.2023. 19:48:28 : Inserting entity with GID (0000000200000008).
28.5.2023. 19:48:28 : Inserting entity with GID (0000000200000009).
28.5.2023. 19:48:28 : Inserting entity with GID (0000000300000007).
28.5.2023. 19:48:28 : Inserting entity with GID (0000000300000008).
28.5.2023. 19:48:28 : Inserting entity with GID (0000000300000009).
28.5.2023. 19:48:28 : Inserting entity with GID (0000000400000007).
28.5.2023. 19:48:28 : Inserting entity with GID (0000000400000008).
28.5.2023. 19:48:28 : Inserting entity with GID (0000000400000009).
28.5.2023. 19:48:28 : Inserting entity with GID (0000000500000007).
28.5.2023. 19:48:28 : Inserting entity with GID (0000000500000008).
28.5.2023. 19:48:28 : Inserting entity with GID (0000000500000009).
28.5.2023. 19:48:28 : Inserting entity with GID (0000000600000003).
28.5.2023. 19:48:29 : The WCF service GenericDataAccess is ready.
28.5.2023. 19:48:29 : Endpoints:
28.5.2023. 19:48:29 : net.tcp://localhost:10000/NetworkModelService/GDA/
28.5.2023. 19:48:29 : Connection string: ../NetworkModelData.data
28.5.2023. 19:48:29 : Trace level: Info
28.5.2023. 19:48:29 : The Network Model Service is started.
28.5.2023. 19:48:29 : Press <Enter> to stop the service.
28.5.2023. 19:53:20 : Unknown property id = REGULARINTERVALSCHED_ENDTIME for entity (GID = 0x0000000500000009).
28.5.2023. 19:53:20 : Getting values for resource with ID = 0x0000000500000009 failed. Failed to get values for entity with GID = 0x0000000500000009. Unknown property id = REGULARINTERVALSCHED_ENDTIME for entity (GID = 0x0000000500000009).
28.5.2023. 20:25:27 : Starting Network Model Serivice...
28.5.2023. 20:25:27 : Inserting entity with GID (0000000100000001).
28.5.2023. 20:25:27 : Unknown property id = 1517713074423922945 for entity (GID = 0x0000000100000001).
28.5.2023. 20:25:28 : Failed to insert entity (GID = 0x0000000100000001) into model. Unknown property id = 1517713074423922945 for entity (GID = 0x0000000100000001).
28.5.2023. 20:25:28 : Error while applying delta (id = 1) during service initialization. Failed to insert entity (GID = 0x0000000100000001) into model. Unknown property id = 1517713074423922945 for entity (GID = 0x0000000100000001).
28.5.2023. 20:25:28 : Inserting entity with GID (0000000100000002).
28.5.2023. 20:25:28 : Inserting entity with GID (0000000100000003).
28.5.2023. 20:25:28 : Inserting entity with GID (0000000100000004).
28.5.2023. 20:25:28 : Inserting entity with GID (0000000200000001).
28.5.2023. 20:25:28 : Inserting entity with GID (0000000200000002).
28.5.2023. 20:25:28 : Inserting entity with GID (0000000200000003).
28.5.2023. 20:25:28 : Inserting entity with GID (0000000300000001).
28.5.2023. 20:25:28 : Inserting entity with GID (0000000300000002).
28.5.2023. 20:25:28 : Inserting entity with GID (0000000300000003).
28.5.2023. 20:25:28 : Inserting entity with GID (0000000400000001).
28.5.2023. 20:25:28 : Inserting entity with GID (0000000400000002).
28.5.2023. 20:25:28 : Inserting entity with GID (0000000400000003).
28.5.2023. 20:25:28 : Inserting entity with GID (0000000500000001).
28.5.2023. 20:25:28 : Inserting entity with GID (0000000500000002).
28.5.2023. 20:25:28 : Inserting entity with GID (0000000500000003).
28.5.2023. 20:25:28 : Inserting entity with GID (0000000600000001).
28.5.2023. 20:25:28 : Inserting entity with GID (0000000100000005).
28.5.2023. 20:25:28 : Inserting entity with GID (0000000100000006).
28.5.2023. 20:25:28 : Inserting entity with GID (0000000100000007).
28.5.2023. 20:25:28 : Inserting entity with GID (0000000200000004).
28.5.2023. 20:25:28 : Inserting entity with GID (0000000200000005).
28.5.2023. 20:25:28 : Inserting entity with GID (0000000200000006).
28.5.2023. 20:25:28 : Inserting entity with GID (0000000300000004).
28.5.2023. 20:25:28 : Inserting entity with GID (0000000300000005).
28.5.2023. 20:25:28 : Inserting entity with GID (0000000300000006).
28.5.2023. 20:25:28 : Inserting entity with GID (0000000400000004).
28.5.2023. 20:25:28 : Inserting entity with GID (0000000400000005).
28.5.2023. 20:25:28 : Inserting entity with GID (0000000400000006).
28.5.2023. 20:25:28 : Inserting entity with GID (0000000500000004).
28.5.2023. 20:25:28 : Inserting entity with GID (0000000500000005).
28.5.2023. 20:25:28 : Inserting entity with GID (0000000500000006).
28.5.2023. 20:25:28 : Inserting entity with GID (0000000600000002).
28.5.2023. 20:25:28 : Inserting entity with GID (0000000100000008).
28.5.2023. 20:25:28 : Inserting entity with GID (0000000100000009).
28.5.2023. 20:25:28 : Inserting entity with GID (000000010000000a).
28.5.2023. 20:25:28 : Inserting entity with GID (0000000200000007).
28.5.2023. 20:25:28 : Inserting entity with GID (0000000200000008).
28.5.2023. 20:25:28 : Inserting entity with GID (0000000200000009).
28.5.2023. 20:25:28 : Inserting entity with GID (0000000300000007).
28.5.2023. 20:25:28 : Inserting entity with GID (0000000300000008).
28.5.2023. 20:25:28 : Inserting entity with GID (0000000300000009).
28.5.2023. 20:25:28 : Inserting entity with GID (0000000400000007).
28.5.2023. 20:25:28 : Inserting entity with GID (0000000400000008).
28.5.2023. 20:25:28 : Inserting entity with GID (0000000400000009).
28.5.2023. 20:25:28 : Inserting entity with GID (0000000500000007).
28.5.2023. 20:25:28 : Inserting entity with GID (0000000500000008).
28.5.2023. 20:25:28 : Inserting entity with GID (0000000500000009).
28.5.2023. 20:25:28 : Inserting entity with GID (0000000600000003).
28.5.2023. 20:25:28 : The WCF service GenericDataAccess is ready.
28.5.2023. 20:25:28 : Endpoints:
28.5.2023. 20:25:28 : net.tcp://localhost:10000/NetworkModelService/GDA/
28.5.2023. 20:25:28 : Connection string: ../NetworkModelData.data
28.5.2023. 20:25:28 : Trace level: Info
28.5.2023. 20:25:28 : The Network Model Service is started.
28.5.2023. 20:25:28 : Press <Enter> to stop the service.
28.5.2023. 23:39:17 : Starting Network Model Serivice...
28.5.2023. 23:39:17 : Inserting entity with GID (0000000100000001).
28.5.2023. 23:39:17 : Unknown property id = 1517713074423922945 for entity (GID = 0x0000000100000001).
28.5.2023. 23:39:17 : Failed to insert entity (GID = 0x0000000100000001) into model. Unknown property id = 1517713074423922945 for entity (GID = 0x0000000100000001).
28.5.2023. 23:39:17 : Error while applying delta (id = 1) during service initialization. Failed to insert entity (GID = 0x0000000100000001) into model. Unknown property id = 1517713074423922945 for entity (GID = 0x0000000100000001).
28.5.2023. 23:39:17 : Inserting entity with GID (0000000100000002).
28.5.2023. 23:39:17 : Inserting entity with GID (0000000100000003).
28.5.2023. 23:39:17 : Inserting entity with GID (0000000100000004).
28.5.2023. 23:39:17 : Inserting entity with GID (0000000200000001).
28.5.2023. 23:39:17 : Inserting entity with GID (0000000200000002).
28.5.2023. 23:39:17 : Inserting entity with GID (0000000200000003).
28.5.2023. 23:39:17 : Inserting entity with GID (0000000300000001).
28.5.2023. 23:39:17 : Inserting entity with GID (0000000300000002).
28.5.2023. 23:39:17 : Inserting entity with GID (0000000300000003).
28.5.2023. 23:39:17 : Inserting entity with GID (0000000400000001).
28.5.2023. 23:39:17 : Inserting entity with GID (0000000400000002).
28.5.2023. 23:39:17 : Inserting entity with GID (0000000400000003).
28.5.2023. 23:39:17 : Inserting entity with GID (0000000500000001).
28.5.2023. 23:39:17 : Inserting entity with GID (0000000500000002).
28.5.2023. 23:39:17 : Inserting entity with GID (0000000500000003).
28.5.2023. 23:39:17 : Inserting entity with GID (0000000600000001).
28.5.2023. 23:39:17 : Inserting entity with GID (0000000100000005).
28.5.2023. 23:39:17 : Inserting entity with GID (0000000100000006).
28.5.2023. 23:39:17 : Inserting entity with GID (0000000100000007).
28.5.2023. 23:39:17 : Inserting entity with GID (0000000200000004).
28.5.2023. 23:39:17 : Inserting entity with GID (0000000200000005).
28.5.2023. 23:39:17 : Inserting entity with GID (0000000200000006).
28.5.2023. 23:39:17 : Inserting entity with GID (0000000300000004).
28.5.2023. 23:39:17 : Inserting entity with GID (0000000300000005).
28.5.2023. 23:39:17 : Inserting entity with GID (0000000300000006).
28.5.2023. 23:39:17 : Inserting entity with GID (0000000400000004).
28.5.2023. 23:39:17 : Inserting entity with GID (0000000400000005).
28.5.2023. 23:39:17 : Inserting entity with GID (0000000400000006).
28.5.2023. 23:39:17 : Inserting entity with GID (0000000500000004).
28.5.2023. 23:39:17 : Inserting entity with GID (0000000500000005).
28.5.2023. 23:39:17 : Inserting entity with GID (0000000500000006).
28.5.2023. 23:39:17 : Inserting entity with GID (0000000600000002).
28.5.2023. 23:39:17 : Inserting entity with GID (0000000100000008).
28.5.2023. 23:39:17 : Inserting entity with GID (0000000100000009).
28.5.2023. 23:39:17 : Inserting entity with GID (000000010000000a).
28.5.2023. 23:39:17 : Inserting entity with GID (0000000200000007).
28.5.2023. 23:39:17 : Inserting entity with GID (0000000200000008).
28.5.2023. 23:39:17 : Inserting entity with GID (0000000200000009).
28.5.2023. 23:39:17 : Inserting entity with GID (0000000300000007).
28.5.2023. 23:39:17 : Inserting entity with GID (0000000300000008).
28.5.2023. 23:39:17 : Inserting entity with GID (0000000300000009).
28.5.2023. 23:39:17 : Inserting entity with GID (0000000400000007).
28.5.2023. 23:39:17 : Inserting entity with GID (0000000400000008).
28.5.2023. 23:39:17 : Inserting entity with GID (0000000400000009).
28.5.2023. 23:39:17 : Inserting entity with GID (0000000500000007).
28.5.2023. 23:39:17 : Inserting entity with GID (0000000500000008).
28.5.2023. 23:39:17 : Inserting entity with GID (0000000500000009).
28.5.2023. 23:39:17 : Inserting entity with GID (0000000600000003).
28.5.2023. 23:39:18 : The WCF service GenericDataAccess is ready.
28.5.2023. 23:39:18 : Endpoints:
28.5.2023. 23:39:18 : net.tcp://localhost:10000/NetworkModelService/GDA/
28.5.2023. 23:39:18 : Connection string: ../NetworkModelData.data
28.5.2023. 23:39:18 : Trace level: Info
28.5.2023. 23:39:18 : The Network Model Service is started.
28.5.2023. 23:39:18 : Press <Enter> to stop the service.
28.5.2023. 23:39:43 : Applying  delta to network model.
28.5.2023. 23:39:43 : Inserting entity with GID (000000010000000b).
28.5.2023. 23:39:43 : Inserting entity with GID (000000010000000c).
28.5.2023. 23:39:43 : Inserting entity with GID (000000010000000d).
28.5.2023. 23:39:43 : Inserting entity with GID (000000020000000a).
28.5.2023. 23:39:43 : Inserting entity with GID (000000020000000b).
28.5.2023. 23:39:43 : Inserting entity with GID (000000020000000c).
28.5.2023. 23:39:43 : Inserting entity with GID (000000030000000a).
28.5.2023. 23:39:43 : Inserting entity with GID (000000030000000b).
28.5.2023. 23:39:43 : Inserting entity with GID (000000030000000c).
28.5.2023. 23:39:43 : Inserting entity with GID (000000040000000a).
28.5.2023. 23:39:43 : Inserting entity with GID (000000040000000b).
28.5.2023. 23:39:43 : Inserting entity with GID (000000040000000c).
28.5.2023. 23:39:43 : Inserting entity with GID (000000050000000a).
28.5.2023. 23:39:43 : Inserting entity with GID (000000050000000b).
28.5.2023. 23:39:43 : Inserting entity with GID (000000050000000c).
28.5.2023. 23:39:43 : Inserting entity with GID (0000000600000004).
28.5.2023. 23:39:43 : Applying delta to network model successfully finished.
28.5.2023. 23:44:42 : Starting Network Model Serivice...
28.5.2023. 23:44:42 : Inserting entity with GID (0000000100000001).
28.5.2023. 23:44:42 : Unknown property id = 1517713074423922945 for entity (GID = 0x0000000100000001).
28.5.2023. 23:44:43 : Failed to insert entity (GID = 0x0000000100000001) into model. Unknown property id = 1517713074423922945 for entity (GID = 0x0000000100000001).
28.5.2023. 23:44:43 : Error while applying delta (id = 1) during service initialization. Failed to insert entity (GID = 0x0000000100000001) into model. Unknown property id = 1517713074423922945 for entity (GID = 0x0000000100000001).
28.5.2023. 23:44:43 : Inserting entity with GID (0000000100000002).
28.5.2023. 23:44:43 : Inserting entity with GID (0000000100000003).
28.5.2023. 23:44:43 : Inserting entity with GID (0000000100000004).
28.5.2023. 23:44:43 : Inserting entity with GID (0000000200000001).
28.5.2023. 23:44:43 : Inserting entity with GID (0000000200000002).
28.5.2023. 23:44:43 : Inserting entity with GID (0000000200000003).
28.5.2023. 23:44:43 : Inserting entity with GID (0000000300000001).
28.5.2023. 23:44:43 : Inserting entity with GID (0000000300000002).
28.5.2023. 23:44:43 : Inserting entity with GID (0000000300000003).
28.5.2023. 23:44:43 : Inserting entity with GID (0000000400000001).
28.5.2023. 23:44:43 : Inserting entity with GID (0000000400000002).
28.5.2023. 23:44:43 : Inserting entity with GID (0000000400000003).
28.5.2023. 23:44:43 : Inserting entity with GID (0000000500000001).
28.5.2023. 23:44:43 : Inserting entity with GID (0000000500000002).
28.5.2023. 23:44:43 : Inserting entity with GID (0000000500000003).
28.5.2023. 23:44:43 : Inserting entity with GID (0000000600000001).
28.5.2023. 23:44:43 : Inserting entity with GID (0000000100000005).
28.5.2023. 23:44:43 : Inserting entity with GID (0000000100000006).
28.5.2023. 23:44:43 : Inserting entity with GID (0000000100000007).
28.5.2023. 23:44:43 : Inserting entity with GID (0000000200000004).
28.5.2023. 23:44:43 : Inserting entity with GID (0000000200000005).
28.5.2023. 23:44:43 : Inserting entity with GID (0000000200000006).
28.5.2023. 23:44:43 : Inserting entity with GID (0000000300000004).
28.5.2023. 23:44:43 : Inserting entity with GID (0000000300000005).
28.5.2023. 23:44:43 : Inserting entity with GID (0000000300000006).
28.5.2023. 23:44:43 : Inserting entity with GID (0000000400000004).
28.5.2023. 23:44:43 : Inserting entity with GID (0000000400000005).
28.5.2023. 23:44:43 : Inserting entity with GID (0000000400000006).
28.5.2023. 23:44:43 : Inserting entity with GID (0000000500000004).
28.5.2023. 23:44:43 : Inserting entity with GID (0000000500000005).
28.5.2023. 23:44:43 : Inserting entity with GID (0000000500000006).
28.5.2023. 23:44:43 : Inserting entity with GID (0000000600000002).
28.5.2023. 23:44:43 : Inserting entity with GID (0000000100000008).
28.5.2023. 23:44:43 : Inserting entity with GID (0000000100000009).
28.5.2023. 23:44:43 : Inserting entity with GID (000000010000000a).
28.5.2023. 23:44:43 : Inserting entity with GID (0000000200000007).
28.5.2023. 23:44:43 : Inserting entity with GID (0000000200000008).
28.5.2023. 23:44:43 : Inserting entity with GID (0000000200000009).
28.5.2023. 23:44:43 : Inserting entity with GID (0000000300000007).
28.5.2023. 23:44:43 : Inserting entity with GID (0000000300000008).
28.5.2023. 23:44:43 : Inserting entity with GID (0000000300000009).
28.5.2023. 23:44:43 : Inserting entity with GID (0000000400000007).
28.5.2023. 23:44:43 : Inserting entity with GID (0000000400000008).
28.5.2023. 23:44:43 : Inserting entity with GID (0000000400000009).
28.5.2023. 23:44:43 : Inserting entity with GID (0000000500000007).
28.5.2023. 23:44:43 : Inserting entity with GID (0000000500000008).
28.5.2023. 23:44:43 : Inserting entity with GID (0000000500000009).
28.5.2023. 23:44:43 : Inserting entity with GID (0000000600000003).
28.5.2023. 23:44:43 : Inserting entity with GID (000000010000000b).
28.5.2023. 23:44:43 : Inserting entity with GID (000000010000000c).
28.5.2023. 23:44:43 : Inserting entity with GID (000000010000000d).
28.5.2023. 23:44:43 : Inserting entity with GID (000000020000000a).
28.5.2023. 23:44:43 : Inserting entity with GID (000000020000000b).
28.5.2023. 23:44:43 : Inserting entity with GID (000000020000000c).
28.5.2023. 23:44:43 : Inserting entity with GID (000000030000000a).
28.5.2023. 23:44:43 : Inserting entity with GID (000000030000000b).
28.5.2023. 23:44:43 : Inserting entity with GID (000000030000000c).
28.5.2023. 23:44:43 : Inserting entity with GID (000000040000000a).
28.5.2023. 23:44:43 : Inserting entity with GID (000000040000000b).
28.5.2023. 23:44:43 : Inserting entity with GID (000000040000000c).
28.5.2023. 23:44:43 : Inserting entity with GID (000000050000000a).
28.5.2023. 23:44:43 : Inserting entity with GID (000000050000000b).
28.5.2023. 23:44:43 : Inserting entity with GID (000000050000000c).
28.5.2023. 23:44:43 : Inserting entity with GID (0000000600000004).
28.5.2023. 23:44:43 : The WCF service GenericDataAccess is ready.
28.5.2023. 23:44:43 : Endpoints:
28.5.2023. 23:44:43 : net.tcp://localhost:10000/NetworkModelService/GDA/
28.5.2023. 23:44:43 : Connection string: ../NetworkModelData.data
28.5.2023. 23:44:43 : Trace level: Info
28.5.2023. 23:44:43 : The Network Model Service is started.
28.5.2023. 23:44:43 : Press <Enter> to stop the service.
